1633103679260	geckodriver	INFO	Listening on 127.0.0.1:54185
1633103681126	mozrunner::runner	INFO	Running command: "/usr/bin/firefox" "--marionette" "-no-remote" "-profile" "/tmp/rust_mozprofileBwGXqe"
1633103683796	Marionette	INFO	Marionette enabled
console.log: WebExtensions: reset-default-search: starting.
console.log: WebExtensions: reset-default-search: has already ran once and saw panel, exit.
1633103684926	Marionette	INFO	Listening on port 44337
1633103684961	RemoteAgent	WARN	TLS certificate errors will be ignored for this session
console.log: WebExtensions: reset-default-search: starting.
console.log: WebExtensions: reset-default-search: has already ran once and saw panel, exit.
1633103706691	Marionette	INFO	Stopped listening on port 44337
JavaScript error: resource:///modules/Interactions.jsm, line 230: NS_ERROR_FAILURE: Component returned failure code: 0x80004005 (NS_ERROR_FAILURE) [nsIUserIdleService.removeIdleObserver]
JavaScript error: chrome://remote/content/marionette/cert.js, line 55: NS_ERROR_NOT_AVAILABLE: Component returned failure code: 0x80040111 (NS_ERROR_NOT_AVAILABLE) [nsICertOverrideService.setDisableAllSecurityChecksAndLetAttackersInterceptMyData]
1633103739789	geckodriver::marionette	ERROR	Failed to close browser connection: Socket not connected (os error 107)
1633103754850	geckodriver	INFO	Listening on 127.0.0.1:37365
1633103756807	mozrunner::runner	INFO	Running command: "/usr/bin/firefox" "--marionette" "-no-remote" "-profile" "/tmp/rust_mozprofilebflZrX"
1633103759349	Marionette	INFO	Marionette enabled
console.log: WebExtensions: reset-default-search: starting.
console.log: WebExtensions: reset-default-search: has already ran once and saw panel, exit.
1633103760499	Marionette	INFO	Listening on port 39191
1633103760538	RemoteAgent	WARN	TLS certificate errors will be ignored for this session
console.log: WebExtensions: reset-default-search: starting.
console.log: WebExtensions: reset-default-search: has already ran once and saw panel, exit.
JavaScript warning: https://www.google.com/js/bg/NNk1vzza2fvPfI2QNF-UnTMKXalxTSrKsyU60SrCuuY.js line 1 > eval line 578 > eval line 1 > eval, line 1: WEBGL_debug_renderer_info is deprecated in Firefox and will be removed. Please use RENDERER.
JavaScript warning: https://accounts.google.com/AddSession?service=classroom&continue=https://classroom.google.com/&ec=GAlAiQI line 1 > eval line 1915 > eval line 1 > eval, line 1: WEBGL_debug_renderer_info is deprecated in Firefox and will be removed. Please use RENDERER.
JavaScript error: resource://gre/actors/AutoCompleteChild.jsm, line 125: Error: Invalid autocomplete selectedIndex
JavaScript error: resource://gre/actors/AutoCompleteChild.jsm, line 125: Error: Invalid autocomplete selectedIndex
JavaScript error: resource://gre/modules/LoginManagerChild.jsm, line 194: NS_ERROR_XPC_JAVASCRIPT_ERROR_WITH_DETAILS: [JavaScript Error: "Invalid autocomplete selectedIndex" {file: "resource://gre/actors/AutoCompleteChild.jsm" line: 125}]'[JavaScript Error: "Invalid autocomplete selectedIndex" {file: "resource://gre/actors/AutoCompleteChild.jsm" line: 125}]' when calling method: [nsIAutoCompletePopup::selectedIndex]
JavaScript warning: https://accounts.google.com/AddSession?service=classroom&continue=https://classroom.google.com/&ec=GAlAiQI line 1 > eval line 5893 > eval line 1 > eval, line 1: WEBGL_debug_renderer_info is deprecated in Firefox and will be removed. Please use RENDERER.
JavaScript error: resource://gre/modules/PromiseWorker.jsm, line 106: Error: Could not get children of file(/tmp/rust_mozprofilebflZrX/thumbnails) because it does not exist
JavaScript warning: https://www.google.com/js/bg/NNk1vzza2fvPfI2QNF-UnTMKXalxTSrKsyU60SrCuuY.js line 1 > eval line 2643 > eval line 1 > eval, line 1: WEBGL_debug_renderer_info is deprecated in Firefox and will be removed. Please use RENDERER.

###!!! [Parent][RunMessage] Error: Channel error: cannot send/recv


###!!! [Parent][RunMessage] Error: Channel error: cannot send/recv


###!!! [Parent][RunMessage] Error: Channel error: cannot send/recv

1633103796865	Marionette	INFO	Stopped listening on port 39191
JavaScript error: resource:///modules/Interactions.jsm, line 230: NS_ERROR_FAILURE: Component returned failure code: 0x80004005 (NS_ERROR_FAILURE) [nsIUserIdleService.removeIdleObserver]
JavaScript error: chrome://remote/content/marionette/cert.js, line 55: NS_ERROR_NOT_AVAILABLE: Component returned failure code: 0x80040111 (NS_ERROR_NOT_AVAILABLE) [nsICertOverrideService.setDisableAllSecurityChecksAndLetAttackersInterceptMyData]
1633103798362	geckodriver	INFO	Listening on 127.0.0.1:43995
1633103800231	mozrunner::runner	INFO	Running command: "/usr/bin/firefox" "--marionette" "-no-remote" "-profile" "/tmp/rust_mozprofileC0RQ1r"
1633103802969	Marionette	INFO	Marionette enabled
console.log: WebExtensions: reset-default-search: starting.
console.log: WebExtensions: reset-default-search: has already ran once and saw panel, exit.
1633103804029	Marionette	INFO	Listening on port 38389
1633103804065	RemoteAgent	WARN	TLS certificate errors will be ignored for this session
console.log: WebExtensions: reset-default-search: starting.
console.log: WebExtensions: reset-default-search: has already ran once and saw panel, exit.
JavaScript warning: https://www.google.com/js/bg/NNk1vzza2fvPfI2QNF-UnTMKXalxTSrKsyU60SrCuuY.js line 1 > eval line 4551 > eval line 1 > eval, line 1: WEBGL_debug_renderer_info is deprecated in Firefox and will be removed. Please use RENDERER.
1633103815375	Marionette	INFO	Stopped listening on port 38389
JavaScript error: resource:///modules/Interactions.jsm, line 230: NS_ERROR_FAILURE: Component returned failure code: 0x80004005 (NS_ERROR_FAILURE) [nsIUserIdleService.removeIdleObserver]
JavaScript error: chrome://remote/content/marionette/cert.js, line 55: NS_ERROR_NOT_AVAILABLE: Component returned failure code: 0x80040111 (NS_ERROR_NOT_AVAILABLE) [nsICertOverrideService.setDisableAllSecurityChecksAndLetAttackersInterceptMyData]
1633103877298	geckodriver	INFO	Listening on 127.0.0.1:36011
1633103879177	mozrunner::runner	INFO	Running command: "/usr/bin/firefox" "--marionette" "-no-remote" "-profile" "/tmp/rust_mozprofile3NViJn"
1633103881784	Marionette	INFO	Marionette enabled
console.log: WebExtensions: reset-default-search: starting.
console.log: WebExtensions: reset-default-search: has already ran once and saw panel, exit.
1633103882943	Marionette	INFO	Listening on port 43075
1633103883017	RemoteAgent	WARN	TLS certificate errors will be ignored for this session
console.log: WebExtensions: reset-default-search: starting.
console.log: WebExtensions: reset-default-search: has already ran once and saw panel, exit.
JavaScript warning: https://www.google.com/js/bg/NNk1vzza2fvPfI2QNF-UnTMKXalxTSrKsyU60SrCuuY.js line 1 > eval line 2848 > eval, line 1: WEBGL_debug_renderer_info is deprecated in Firefox and will be removed. Please use RENDERER.
1633103904315	geckodriver	INFO	Listening on 127.0.0.1:41199
1633103906272	mozrunner::runner	INFO	Running command: "/usr/bin/firefox" "--marionette" "-no-remote" "-profile" "/tmp/rust_mozprofileeNWKkU"
1633103908867	Marionette	INFO	Marionette enabled
console.log: WebExtensions: reset-default-search: starting.
console.log: WebExtensions: reset-default-search: has already ran once and saw panel, exit.
1633103909978	Marionette	INFO	Listening on port 44435
1633103910014	RemoteAgent	WARN	TLS certificate errors will be ignored for this session
console.log: WebExtensions: reset-default-search: starting.
console.log: WebExtensions: reset-default-search: has already ran once and saw panel, exit.
1633103911441	Marionette	INFO	Stopped listening on port 43075
JavaScript error: chrome://browser/content/browser-customization.js, line 166: NS_ERROR_NOT_INITIALIZED: 
JavaScript error: resource:///modules/Interactions.jsm, line 230: NS_ERROR_FAILURE: Component returned failure code: 0x80004005 (NS_ERROR_FAILURE) [nsIUserIdleService.removeIdleObserver]
[Parent 2642, IPC I/O Parent] WARNING: FileDescriptorSet destroyed with unconsumed descriptors: file /build/firefox-i2FYvX/firefox-92.0+build3/ipc/chromium/src/chrome/common/file_descriptor_set_posix.cc:19
JavaScript error: chrome://remote/content/marionette/cert.js, line 55: NS_ERROR_NOT_AVAILABLE: Component returned failure code: 0x80040111 (NS_ERROR_NOT_AVAILABLE) [nsICertOverrideService.setDisableAllSecurityChecksAndLetAttackersInterceptMyData]

###!!! [Parent][RunMessage] Error: Channel closing: too late to send/recv, messages will be lost

JavaScript warning: https://www.google.com/js/bg/NNk1vzza2fvPfI2QNF-UnTMKXalxTSrKsyU60SrCuuY.js line 1 > eval line 1939 > eval line 1 > eval, line 1: WEBGL_debug_renderer_info is deprecated in Firefox and will be removed. Please use RENDERER.
1633103927905	Marionette	INFO	Stopped listening on port 44435
JavaScript error: resource:///modules/Interactions.jsm, line 230: NS_ERROR_FAILURE: Component returned failure code: 0x80004005 (NS_ERROR_FAILURE) [nsIUserIdleService.removeIdleObserver]
JavaScript error: chrome://remote/content/marionette/cert.js, line 55: NS_ERROR_NOT_AVAILABLE: Component returned failure code: 0x80040111 (NS_ERROR_NOT_AVAILABLE) [nsICertOverrideService.setDisableAllSecurityChecksAndLetAttackersInterceptMyData]
1633103929267	geckodriver	INFO	Listening on 127.0.0.1:59993
1633103931098	mozrunner::runner	INFO	Running command: "/usr/bin/firefox" "--marionette" "-no-remote" "-profile" "/tmp/rust_mozprofilenD8S0V"
1633103933639	Marionette	INFO	Marionette enabled
console.log: WebExtensions: reset-default-search: starting.
console.log: WebExtensions: reset-default-search: has already ran once and saw panel, exit.
1633103934741	Marionette	INFO	Listening on port 34021
console.log: WebExtensions: reset-default-search: starting.
console.log: WebExtensions: reset-default-search: has already ran once and saw panel, exit.
1633103934830	RemoteAgent	WARN	TLS certificate errors will be ignored for this session
JavaScript warning: https://www.google.com/js/bg/NNk1vzza2fvPfI2QNF-UnTMKXalxTSrKsyU60SrCuuY.js line 1 > eval line 3346 > eval line 1 > eval, line 1: WEBGL_debug_renderer_info is deprecated in Firefox and will be removed. Please use RENDERER.
1633103958817	Marionette	INFO	Stopped listening on port 34021
JavaScript error: resource:///modules/Interactions.jsm, line 230: NS_ERROR_FAILURE: Component returned failure code: 0x80004005 (NS_ERROR_FAILURE) [nsIUserIdleService.removeIdleObserver]
JavaScript error: chrome://remote/content/marionette/cert.js, line 55: NS_ERROR_NOT_AVAILABLE: Component returned failure code: 0x80040111 (NS_ERROR_NOT_AVAILABLE) [nsICertOverrideService.setDisableAllSecurityChecksAndLetAttackersInterceptMyData]
1633103964883	geckodriver	INFO	Listening on 127.0.0.1:57553
1633103966729	mozrunner::runner	INFO	Running command: "/usr/bin/firefox" "--marionette" "-no-remote" "-profile" "/tmp/rust_mozprofile8BcAGe"
1633103969129	Marionette	INFO	Marionette enabled
console.log: WebExtensions: reset-default-search: starting.
console.log: WebExtensions: reset-default-search: has already ran once and saw panel, exit.
console.log: WebExtensions: reset-default-search: starting.
console.log: WebExtensions: reset-default-search: has already ran once and saw panel, exit.
1633103970325	Marionette	INFO	Listening on port 35027
1633103970357	RemoteAgent	WARN	TLS certificate errors will be ignored for this session
JavaScript warning: https://www.google.com/js/bg/NNk1vzza2fvPfI2QNF-UnTMKXalxTSrKsyU60SrCuuY.js line 1 > eval line 1264 > eval line 1 > eval, line 1: WEBGL_debug_renderer_info is deprecated in Firefox and will be removed. Please use RENDERER.
console.log: WebExtensions: reset-default-search: starting.
console.log: WebExtensions: reset-default-search: has already ran once and saw panel, exit.
1633104203958	geckodriver	INFO	Listening on 127.0.0.1:38185
1633104205871	mozrunner::runner	INFO	Running command: "/usr/bin/firefox" "--marionette" "-headless" "-no-remote" "-profile" "/tmp/rust_mozprofileIS0nT6"
*** You are running in headless mode.
1633104208768	Marionette	INFO	Marionette enabled
[GFX1-]: RenderCompositorSWGL failed mapping default framebuffer, no dt
console.log: WebExtensions: reset-default-search: starting.
console.log: WebExtensions: reset-default-search: has already ran once and saw panel, exit.
1633104209463	Marionette	INFO	Stopped listening on port 35027
JavaScript error: resource:///modules/Interactions.jsm, line 230: NS_ERROR_FAILURE: Component returned failure code: 0x80004005 (NS_ERROR_FAILURE) [nsIUserIdleService.removeIdleObserver]
JavaScript error: chrome://remote/content/marionette/cert.js, line 55: NS_ERROR_NOT_AVAILABLE: Component returned failure code: 0x80040111 (NS_ERROR_NOT_AVAILABLE) [nsICertOverrideService.setDisableAllSecurityChecksAndLetAttackersInterceptMyData]
console.log: WebExtensions: reset-default-search: starting.
console.log: WebExtensions: reset-default-search: has already ran once and saw panel, exit.
1633104209912	Marionette	INFO	Listening on port 36351
1633104209994	RemoteAgent	WARN	TLS certificate errors will be ignored for this session
JavaScript warning: https://www.google.com/js/bg/NNk1vzza2fvPfI2QNF-UnTMKXalxTSrKsyU60SrCuuY.js line 1 > eval line 7054 > eval, line 1: WEBGL_debug_renderer_info is deprecated in Firefox and will be removed. Please use RENDERER.
console.log: WebExtensions: reset-default-search: starting.
console.log: WebExtensions: reset-default-search: has already ran once and saw panel, exit.
1633104287677	geckodriver	INFO	Listening on 127.0.0.1:44665
1633104288533	mozrunner::runner	INFO	Running command: "/usr/bin/firefox" "--marionette" "-headless" "-no-remote" "-profile" "/tmp/rust_mozprofileMb9pYi"
*** You are running in headless mode.
1633104290819	Marionette	INFO	Marionette enabled
[GFX1-]: RenderCompositorSWGL failed mapping default framebuffer, no dt
console.log: WebExtensions: reset-default-search: starting.
console.log: WebExtensions: reset-default-search: has already ran once and saw panel, exit.
1633104291849	Marionette	INFO	Listening on port 41939
console.log: WebExtensions: reset-default-search: starting.
console.log: WebExtensions: reset-default-search: has already ran once and saw panel, exit.
1633104291958	RemoteAgent	WARN	TLS certificate errors will be ignored for this session
JavaScript warning: https://www.google.com/js/bg/NNk1vzza2fvPfI2QNF-UnTMKXalxTSrKsyU60SrCuuY.js line 1 > eval line 3298 > eval line 1 > eval, line 1: WEBGL_debug_renderer_info is deprecated in Firefox and will be removed. Please use RENDERER.
console.log: WebExtensions: reset-default-search: starting.
console.log: WebExtensions: reset-default-search: has already ran once and saw panel, exit.
1633104454757	geckodriver	INFO	Listening on 127.0.0.1:56079
1633104455695	mozrunner::runner	INFO	Running command: "/usr/bin/firefox" "--marionette" "-headless" "-no-remote" "-profile" "/tmp/rust_mozprofileQzLbd7"
*** You are running in headless mode.
1633104458264	Marionette	INFO	Marionette enabled
[GFX1-]: RenderCompositorSWGL failed mapping default framebuffer, no dt
console.log: WebExtensions: reset-default-search: starting.
console.log: WebExtensions: reset-default-search: has already ran once and saw panel, exit.
1633104459180	Marionette	INFO	Listening on port 37019
1633104459235	RemoteAgent	WARN	TLS certificate errors will be ignored for this session
console.log: WebExtensions: reset-default-search: starting.
console.log: WebExtensions: reset-default-search: has already ran once and saw panel, exit.
JavaScript warning: https://www.google.com/js/bg/NNk1vzza2fvPfI2QNF-UnTMKXalxTSrKsyU60SrCuuY.js line 1 > eval line 6960 > eval, line 1: WEBGL_debug_renderer_info is deprecated in Firefox and will be removed. Please use RENDERER.
1633104478023	geckodriver	INFO	Listening on 127.0.0.1:53555
1633104479931	mozrunner::runner	INFO	Running command: "/usr/bin/firefox" "--marionette" "-no-remote" "-profile" "/tmp/rust_mozprofile9Ia3pI"
1633104482658	Marionette	INFO	Marionette enabled
console.log: WebExtensions: reset-default-search: starting.
console.log: WebExtensions: reset-default-search: has already ran once and saw panel, exit.
1633104483725	Marionette	INFO	Listening on port 39563
1633104483761	RemoteAgent	WARN	TLS certificate errors will be ignored for this session
console.log: WebExtensions: reset-default-search: starting.
console.log: WebExtensions: reset-default-search: has already ran once and saw panel, exit.
JavaScript warning: https://www.google.com/js/bg/NNk1vzza2fvPfI2QNF-UnTMKXalxTSrKsyU60SrCuuY.js line 1 > eval line 5957 > eval line 1 > eval, line 1: WEBGL_debug_renderer_info is deprecated in Firefox and will be removed. Please use RENDERER.
console.log: WebExtensions: reset-default-search: starting.
console.log: WebExtensions: reset-default-search: has already ran once and saw panel, exit.
console.log: WebExtensions: reset-default-search: starting.
console.log: WebExtensions: reset-default-search: has already ran once and saw panel, exit.
1633104527194	geckodriver	INFO	Listening on 127.0.0.1:37267
1633104529216	mozrunner::runner	INFO	Running command: "/usr/bin/firefox" "--marionette" "-no-remote" "-profile" "/tmp/rust_mozprofileF0k0L0"
1633104531933	Marionette	INFO	Marionette enabled
console.log: WebExtensions: reset-default-search: starting.
console.log: WebExtensions: reset-default-search: has already ran once and saw panel, exit.
1633104533165	Marionette	INFO	Listening on port 43503
console.log: WebExtensions: reset-default-search: starting.
console.log: WebExtensions: reset-default-search: has already ran once and saw panel, exit.
1633104533245	RemoteAgent	WARN	TLS certificate errors will be ignored for this session
JavaScript warning: https://www.google.com/js/bg/NNk1vzza2fvPfI2QNF-UnTMKXalxTSrKsyU60SrCuuY.js line 1 > eval line 3914 > eval, line 1: WEBGL_debug_renderer_info is deprecated in Firefox and will be removed. Please use RENDERER.
console.log: WebExtensions: reset-default-search: starting.
console.log: WebExtensions: reset-default-search: has already ran once and saw panel, exit.
1633104575896	geckodriver	INFO	Listening on 127.0.0.1:47233
1633104577744	mozrunner::runner	INFO	Running command: "/usr/bin/firefox" "--marionette" "-no-remote" "-profile" "/tmp/rust_mozprofileSfi0WK"
1633104578011	Marionette	INFO	Stopped listening on port 43503
JavaScript error: resource:///modules/Interactions.jsm, line 230: NS_ERROR_FAILURE: Component returned failure code: 0x80004005 (NS_ERROR_FAILURE) [nsIUserIdleService.removeIdleObserver]
JavaScript error: chrome://remote/content/marionette/cert.js, line 55: NS_ERROR_NOT_AVAILABLE: Component returned failure code: 0x80040111 (NS_ERROR_NOT_AVAILABLE) [nsICertOverrideService.setDisableAllSecurityChecksAndLetAttackersInterceptMyData]
[Parent 5982, IPC I/O Parent] WARNING: FileDescriptorSet destroyed with unconsumed descriptors: file /build/firefox-i2FYvX/firefox-92.0+build3/ipc/chromium/src/chrome/common/file_descriptor_set_posix.cc:19
1633104580437	Marionette	INFO	Marionette enabled
1633104580520	Marionette	INFO	Stopped listening on port 39563
JavaScript error: resource:///modules/Interactions.jsm, line 230: NS_ERROR_FAILURE: Component returned failure code: 0x80004005 (NS_ERROR_FAILURE) [nsIUserIdleService.removeIdleObserver]
JavaScript error: chrome://remote/content/marionette/cert.js, line 55: NS_ERROR_NOT_AVAILABLE: Component returned failure code: 0x80040111 (NS_ERROR_NOT_AVAILABLE) [nsICertOverrideService.setDisableAllSecurityChecksAndLetAttackersInterceptMyData]

###!!! [Parent][RunMessage] Error: Channel closing: too late to send/recv, messages will be lost

console.log: WebExtensions: reset-default-search: starting.
console.log: WebExtensions: reset-default-search: has already ran once and saw panel, exit.
1633104582287	Marionette	INFO	Listening on port 40227
console.log: WebExtensions: reset-default-search: starting.
console.log: WebExtensions: reset-default-search: has already ran once and saw panel, exit.
1633104582375	RemoteAgent	WARN	TLS certificate errors will be ignored for this session
Failed to create /tmp/Temp-bb2991b0-4c15-4ad4-9072-1e4a1bc04771 for shader cache (Permission denied)---disabling.
JavaScript warning: https://www.google.com/js/bg/NNk1vzza2fvPfI2QNF-UnTMKXalxTSrKsyU60SrCuuY.js line 1 > eval line 1520 > eval line 1 > eval, line 1: WEBGL_debug_renderer_info is deprecated in Firefox and will be removed. Please use RENDERER.
console.log: WebExtensions: reset-default-search: starting.
console.log: WebExtensions: reset-default-search: has already ran once and saw panel, exit.
1633104883717	Marionette	INFO	Stopped listening on port 40227
JavaScript error: resource:///modules/Interactions.jsm, line 230: NS_ERROR_FAILURE: Component returned failure code: 0x80004005 (NS_ERROR_FAILURE) [nsIUserIdleService.removeIdleObserver]
JavaScript error: chrome://remote/content/marionette/cert.js, line 55: NS_ERROR_NOT_AVAILABLE: Component returned failure code: 0x80040111 (NS_ERROR_NOT_AVAILABLE) [nsICertOverrideService.setDisableAllSecurityChecksAndLetAttackersInterceptMyData]
1633104885742	geckodriver	INFO	Listening on 127.0.0.1:46943
1633104887707	mozrunner::runner	INFO	Running command: "/usr/bin/firefox" "--marionette" "-no-remote" "-profile" "/tmp/rust_mozprofileP0Uz9t"
1633104890440	Marionette	INFO	Marionette enabled
console.log: WebExtensions: reset-default-search: starting.
console.log: WebExtensions: reset-default-search: has already ran once and saw panel, exit.
1633104891621	Marionette	INFO	Listening on port 41257
console.log: WebExtensions: reset-default-search: starting.
console.log: WebExtensions: reset-default-search: has already ran once and saw panel, exit.
1633104891728	RemoteAgent	WARN	TLS certificate errors will be ignored for this session
JavaScript warning: https://www.google.com/js/bg/NNk1vzza2fvPfI2QNF-UnTMKXalxTSrKsyU60SrCuuY.js line 1 > eval line 5386 > eval, line 1: WEBGL_debug_renderer_info is deprecated in Firefox and will be removed. Please use RENDERER.
console.log: WebExtensions: reset-default-search: starting.
console.log: WebExtensions: reset-default-search: has already ran once and saw panel, exit.
1633104957937	Marionette	INFO	Stopped listening on port 41257
JavaScript error: resource:///modules/Interactions.jsm, line 230: NS_ERROR_FAILURE: Component returned failure code: 0x80004005 (NS_ERROR_FAILURE) [nsIUserIdleService.removeIdleObserver]
JavaScript error: chrome://remote/content/marionette/cert.js, line 55: NS_ERROR_NOT_AVAILABLE: Component returned failure code: 0x80040111 (NS_ERROR_NOT_AVAILABLE) [nsICertOverrideService.setDisableAllSecurityChecksAndLetAttackersInterceptMyData]

###!!! [Parent][RunMessage] Error: Channel closing: too late to send/recv, messages will be lost

1633104997630	geckodriver	INFO	Listening on 127.0.0.1:36819
1633104999535	mozrunner::runner	INFO	Running command: "/usr/bin/firefox" "--marionette" "-no-remote" "-profile" "/tmp/rust_mozprofileIuRrcT"
1633105002052	Marionette	INFO	Marionette enabled
console.log: WebExtensions: reset-default-search: starting.
console.log: WebExtensions: reset-default-search: has already ran once and saw panel, exit.
1633105003141	Marionette	INFO	Listening on port 41025
1633105003170	RemoteAgent	WARN	TLS certificate errors will be ignored for this session
console.log: WebExtensions: reset-default-search: starting.
console.log: WebExtensions: reset-default-search: has already ran once and saw panel, exit.
JavaScript warning: https://www.google.com/js/bg/NNk1vzza2fvPfI2QNF-UnTMKXalxTSrKsyU60SrCuuY.js line 1 > eval line 1335 > eval, line 1: WEBGL_debug_renderer_info is deprecated in Firefox and will be removed. Please use RENDERER.
console.log: WebExtensions: reset-default-search: starting.
console.log: WebExtensions: reset-default-search: has already ran once and saw panel, exit.
1633105192644	geckodriver	INFO	Listening on 127.0.0.1:59455
1633105194551	mozrunner::runner	INFO	Running command: "/usr/bin/firefox" "--marionette" "-no-remote" "-profile" "/tmp/rust_mozprofilegF9fzi"
1633105197332	Marionette	INFO	Marionette enabled
console.log: WebExtensions: reset-default-search: starting.
console.log: WebExtensions: reset-default-search: has already ran once and saw panel, exit.
1633105198357	Marionette	INFO	Listening on port 37497
1633105198391	RemoteAgent	WARN	TLS certificate errors will be ignored for this session
console.log: WebExtensions: reset-default-search: starting.
console.log: WebExtensions: reset-default-search: has already ran once and saw panel, exit.
JavaScript warning: https://www.google.com/js/bg/NNk1vzza2fvPfI2QNF-UnTMKXalxTSrKsyU60SrCuuY.js line 1 > eval line 150 > eval, line 1: WEBGL_debug_renderer_info is deprecated in Firefox and will be removed. Please use RENDERER.
console.log: WebExtensions: reset-default-search: starting.
console.log: WebExtensions: reset-default-search: has already ran once and saw panel, exit.
JavaScript error: chrome://global/content/elements/browser-custom-element.js, line 1631: Error: permitUnload is already running for this tab.
JavaScript error: chrome://global/content/elements/browser-custom-element.js, line 1631: Error: permitUnload is already running for this tab.
1633105257421	Marionette	INFO	Stopped listening on port 37497
JavaScript error: chrome://browser/content/browser.js, line 8036: uncaught exception: undefined
JavaScript error: resource:///modules/Interactions.jsm, line 230: NS_ERROR_FAILURE: Component returned failure code: 0x80004005 (NS_ERROR_FAILURE) [nsIUserIdleService.removeIdleObserver]
JavaScript error: chrome://remote/content/marionette/cert.js, line 55: NS_ERROR_NOT_AVAILABLE: Component returned failure code: 0x80040111 (NS_ERROR_NOT_AVAILABLE) [nsICertOverrideService.setDisableAllSecurityChecksAndLetAttackersInterceptMyData]
console.error: (new TypeError("watcher.browserElement.browsingContext is null", "resource://devtools/server/actors/watcher/target-helpers/frame-helper.js", 162))
1633105257524	Marionette	INFO	Stopped listening on port 41025
JavaScript error: chrome://browser/content/browser.js, line 8036: uncaught exception: undefined
[Parent 8806, IPC I/O Parent] WARNING: FileDescriptorSet destroyed with unconsumed descriptors: file /build/firefox-i2FYvX/firefox-92.0+build3/ipc/chromium/src/chrome/common/file_descriptor_set_posix.cc:19
JavaScript error: resource:///modules/Interactions.jsm, line 230: NS_ERROR_FAILURE: Component returned failure code: 0x80004005 (NS_ERROR_FAILURE) [nsIUserIdleService.removeIdleObserver]
JavaScript error: chrome://remote/content/marionette/cert.js, line 55: NS_ERROR_NOT_AVAILABLE: Component returned failure code: 0x80040111 (NS_ERROR_NOT_AVAILABLE) [nsICertOverrideService.setDisableAllSecurityChecksAndLetAttackersInterceptMyData]

###!!! [Parent][RunMessage] Error: Channel closing: too late to send/recv, messages will be lost

1633105264120	geckodriver	INFO	Listening on 127.0.0.1:42943
1633105265991	mozrunner::runner	INFO	Running command: "/usr/bin/firefox" "--marionette" "-headless" "-no-remote" "-profile" "/tmp/rust_mozprofilenJkhZW"
*** You are running in headless mode.
1633105268652	Marionette	INFO	Marionette enabled
[GFX1-]: RenderCompositorSWGL failed mapping default framebuffer, no dt
console.log: WebExtensions: reset-default-search: starting.
console.log: WebExtensions: reset-default-search: has already ran once and saw panel, exit.
1633105269689	Marionette	INFO	Listening on port 45215
1633105269727	RemoteAgent	WARN	TLS certificate errors will be ignored for this session
console.log: WebExtensions: reset-default-search: starting.
console.log: WebExtensions: reset-default-search: has already ran once and saw panel, exit.
JavaScript warning: https://www.google.com/js/bg/NNk1vzza2fvPfI2QNF-UnTMKXalxTSrKsyU60SrCuuY.js line 1 > eval line 850 > eval, line 1: WEBGL_debug_renderer_info is deprecated in Firefox and will be removed. Please use RENDERER.
console.log: WebExtensions: reset-default-search: starting.
console.log: WebExtensions: reset-default-search: has already ran once and saw panel, exit.
1633105465966	geckodriver	INFO	Listening on 127.0.0.1:42981
1633105467810	mozrunner::runner	INFO	Running command: "/usr/bin/firefox" "--marionette" "-headless" "-no-remote" "-profile" "/tmp/rust_mozprofile1CwxoM"
*** You are running in headless mode.
1633105470275	Marionette	INFO	Marionette enabled
[GFX1-]: RenderCompositorSWGL failed mapping default framebuffer, no dt
console.log: WebExtensions: reset-default-search: starting.
console.log: WebExtensions: reset-default-search: has already ran once and saw panel, exit.
1633105471282	Marionette	INFO	Listening on port 34425
1633105471355	RemoteAgent	WARN	TLS certificate errors will be ignored for this session
console.log: WebExtensions: reset-default-search: starting.
console.log: WebExtensions: reset-default-search: has already ran once and saw panel, exit.
JavaScript warning: https://www.google.com/js/bg/NNk1vzza2fvPfI2QNF-UnTMKXalxTSrKsyU60SrCuuY.js line 1 > eval line 4082 > eval, line 1: WEBGL_debug_renderer_info is deprecated in Firefox and will be removed. Please use RENDERER.
console.log: WebExtensions: reset-default-search: starting.
console.log: WebExtensions: reset-default-search: has already ran once and saw panel, exit.
1633106439404	geckodriver	INFO	Listening on 127.0.0.1:41963
1633106441274	mozrunner::runner	INFO	Running command: "/usr/bin/firefox" "--marionette" "-headless" "-no-remote" "-profile" "/tmp/rust_mozprofileUql5mE"
*** You are running in headless mode.
1633106443976	Marionette	INFO	Marionette enabled
[GFX1-]: RenderCompositorSWGL failed mapping default framebuffer, no dt
console.log: WebExtensions: reset-default-search: starting.
console.log: WebExtensions: reset-default-search: has already ran once and saw panel, exit.
1633106445019	Marionette	INFO	Listening on port 45593
console.log: WebExtensions: reset-default-search: starting.
console.log: WebExtensions: reset-default-search: has already ran once and saw panel, exit.
1633106445103	RemoteAgent	WARN	TLS certificate errors will be ignored for this session
JavaScript warning: https://www.google.com/js/bg/NNk1vzza2fvPfI2QNF-UnTMKXalxTSrKsyU60SrCuuY.js line 1 > eval line 3333 > eval, line 1: WEBGL_debug_renderer_info is deprecated in Firefox and will be removed. Please use RENDERER.
1633106473411	geckodriver	INFO	Listening on 127.0.0.1:53941
console.log: WebExtensions: reset-default-search: starting.
console.log: WebExtensions: reset-default-search: has already ran once and saw panel, exit.
1633106475325	mozrunner::runner	INFO	Running command: "/usr/bin/firefox" "--marionette" "-headless" "-no-remote" "-profile" "/tmp/rust_mozprofilehBA9zj"
*** You are running in headless mode.
1633106478057	Marionette	INFO	Marionette enabled
[GFX1-]: RenderCompositorSWGL failed mapping default framebuffer, no dt
console.log: WebExtensions: reset-default-search: starting.
console.log: WebExtensions: reset-default-search: has already ran once and saw panel, exit.
1633106479267	Marionette	INFO	Listening on port 39469
console.log: WebExtensions: reset-default-search: starting.
console.log: WebExtensions: reset-default-search: has already ran once and saw panel, exit.
1633106479364	RemoteAgent	WARN	TLS certificate errors will be ignored for this session
JavaScript warning: https://www.google.com/js/bg/NNk1vzza2fvPfI2QNF-UnTMKXalxTSrKsyU60SrCuuY.js line 1 > eval line 5641 > eval line 1 > eval, line 1: WEBGL_debug_renderer_info is deprecated in Firefox and will be removed. Please use RENDERER.
1633106507376	geckodriver	INFO	Listening on 127.0.0.1:41439
console.log: WebExtensions: reset-default-search: starting.
console.log: WebExtensions: reset-default-search: has already ran once and saw panel, exit.
1633106509121	mozrunner::runner	INFO	Running command: "/usr/bin/firefox" "--marionette" "-headless" "-no-remote" "-profile" "/tmp/rust_mozprofilejpZeR2"
*** You are running in headless mode.
1633106512345	Marionette	INFO	Marionette enabled
[GFX1-]: RenderCompositorSWGL failed mapping default framebuffer, no dt
console.log: WebExtensions: reset-default-search: starting.
console.log: WebExtensions: reset-default-search: has already ran once and saw panel, exit.
1633106513623	Marionette	INFO	Listening on port 45873
1633106513666	RemoteAgent	WARN	TLS certificate errors will be ignored for this session
console.log: WebExtensions: reset-default-search: starting.
console.log: WebExtensions: reset-default-search: has already ran once and saw panel, exit.
JavaScript warning: https://www.google.com/js/bg/NNk1vzza2fvPfI2QNF-UnTMKXalxTSrKsyU60SrCuuY.js line 1 > eval line 3904 > eval line 1 > eval, line 1: WEBGL_debug_renderer_info is deprecated in Firefox and will be removed. Please use RENDERER.
1633106526689	geckodriver	INFO	Listening on 127.0.0.1:54675
1633106528807	mozrunner::runner	INFO	Running command: "/usr/bin/firefox" "--marionette" "-headless" "-no-remote" "-profile" "/tmp/rust_mozprofilePdypLN"
*** You are running in headless mode.
1633106531888	Marionette	INFO	Marionette enabled
[GFX1-]: RenderCompositorSWGL failed mapping default framebuffer, no dt
console.log: WebExtensions: reset-default-search: starting.
console.log: WebExtensions: reset-default-search: has already ran once and saw panel, exit.
1633106532929	Marionette	INFO	Listening on port 44217
console.log: WebExtensions: reset-default-search: starting.
console.log: WebExtensions: reset-default-search: has already ran once and saw panel, exit.
1633106533033	RemoteAgent	WARN	TLS certificate errors will be ignored for this session
JavaScript warning: https://www.google.com/js/bg/NNk1vzza2fvPfI2QNF-UnTMKXalxTSrKsyU60SrCuuY.js line 1 > eval line 6053 > eval line 1 > eval, line 1: WEBGL_debug_renderer_info is deprecated in Firefox and will be removed. Please use RENDERER.
console.log: WebExtensions: reset-default-search: starting.
console.log: WebExtensions: reset-default-search: has already ran once and saw panel, exit.
console.log: WebExtensions: reset-default-search: starting.
console.log: WebExtensions: reset-default-search: has already ran once and saw panel, exit.
1633106579568	geckodriver	INFO	Listening on 127.0.0.1:57313
1633106580482	mozrunner::runner	INFO	Running command: "/usr/bin/firefox" "--marionette" "-headless" "-no-remote" "-profile" "/tmp/rust_mozprofileT7pkfm"
*** You are running in headless mode.
1633106583200	Marionette	INFO	Marionette enabled
[GFX1-]: RenderCompositorSWGL failed mapping default framebuffer, no dt
console.log: WebExtensions: reset-default-search: starting.
console.log: WebExtensions: reset-default-search: has already ran once and saw panel, exit.
1633106584247	Marionette	INFO	Listening on port 41131
1633106584312	RemoteAgent	WARN	TLS certificate errors will be ignored for this session
console.log: WebExtensions: reset-default-search: starting.
console.log: WebExtensions: reset-default-search: has already ran once and saw panel, exit.
JavaScript warning: https://www.google.com/js/bg/NNk1vzza2fvPfI2QNF-UnTMKXalxTSrKsyU60SrCuuY.js line 1 > eval line 7197 > eval, line 1: WEBGL_debug_renderer_info is deprecated in Firefox and will be removed. Please use RENDERER.
console.log: WebExtensions: reset-default-search: starting.
console.log: WebExtensions: reset-default-search: has already ran once and saw panel, exit.
1633106683709	geckodriver	INFO	Listening on 127.0.0.1:43663
1633106685855	mozrunner::runner	INFO	Running command: "/usr/bin/firefox" "--marionette" "-headless" "-no-remote" "-profile" "/tmp/rust_mozprofile7plJfi"
*** You are running in headless mode.
1633106688933	Marionette	INFO	Marionette enabled
[GFX1-]: RenderCompositorSWGL failed mapping default framebuffer, no dt
console.log: WebExtensions: reset-default-search: starting.
console.log: WebExtensions: reset-default-search: has already ran once and saw panel, exit.
1633106690092	Marionette	INFO	Listening on port 36237
console.log: WebExtensions: reset-default-search: starting.
console.log: WebExtensions: reset-default-search: has already ran once and saw panel, exit.
1633106690186	RemoteAgent	WARN	TLS certificate errors will be ignored for this session
JavaScript warning: https://www.google.com/js/bg/NNk1vzza2fvPfI2QNF-UnTMKXalxTSrKsyU60SrCuuY.js line 1 > eval line 5649 > eval, line 1: WEBGL_debug_renderer_info is deprecated in Firefox and will be removed. Please use RENDERER.
console.log: WebExtensions: reset-default-search: starting.
console.log: WebExtensions: reset-default-search: has already ran once and saw panel, exit.
1633106847312	geckodriver	INFO	Listening on 127.0.0.1:34947
1633106849288	mozrunner::runner	INFO	Running command: "/usr/bin/firefox" "--marionette" "-headless" "-no-remote" "-profile" "/tmp/rust_mozprofileSkMAZp"
*** You are running in headless mode.
1633106851881	Marionette	INFO	Marionette enabled
[GFX1-]: RenderCompositorSWGL failed mapping default framebuffer, no dt
console.log: WebExtensions: reset-default-search: starting.
console.log: WebExtensions: reset-default-search: has already ran once and saw panel, exit.
1633106853106	Marionette	INFO	Listening on port 42809
console.log: WebExtensions: reset-default-search: starting.
console.log: WebExtensions: reset-default-search: has already ran once and saw panel, exit.
1633106853223	RemoteAgent	WARN	TLS certificate errors will be ignored for this session
JavaScript warning: https://www.google.com/js/bg/NNk1vzza2fvPfI2QNF-UnTMKXalxTSrKsyU60SrCuuY.js line 1 > eval line 6881 > eval, line 1: WEBGL_debug_renderer_info is deprecated in Firefox and will be removed. Please use RENDERER.
console.log: WebExtensions: reset-default-search: starting.
console.log: WebExtensions: reset-default-search: has already ran once and saw panel, exit.
1633106910695	geckodriver	INFO	Listening on 127.0.0.1:41875
1633106911850	mozrunner::runner	INFO	Running command: "/usr/bin/firefox" "--marionette" "-headless" "-no-remote" "-profile" "/tmp/rust_mozprofileXz3KtQ"
*** You are running in headless mode.
1633106914917	Marionette	INFO	Marionette enabled
[GFX1-]: RenderCompositorSWGL failed mapping default framebuffer, no dt
console.log: WebExtensions: reset-default-search: starting.
console.log: WebExtensions: reset-default-search: has already ran once and saw panel, exit.
1633106916095	Marionette	INFO	Listening on port 39185
console.log: WebExtensions: reset-default-search: starting.
console.log: WebExtensions: reset-default-search: has already ran once and saw panel, exit.
1633106916183	RemoteAgent	WARN	TLS certificate errors will be ignored for this session
JavaScript warning: https://www.google.com/js/bg/NNk1vzza2fvPfI2QNF-UnTMKXalxTSrKsyU60SrCuuY.js line 1 > eval line 4313 > eval, line 1: WEBGL_debug_renderer_info is deprecated in Firefox and will be removed. Please use RENDERER.
console.log: WebExtensions: reset-default-search: starting.
console.log: WebExtensions: reset-default-search: has already ran once and saw panel, exit.
1633106948647	geckodriver	INFO	Listening on 127.0.0.1:45759
1633106949572	mozrunner::runner	INFO	Running command: "/usr/bin/firefox" "--marionette" "-headless" "-no-remote" "-profile" "/tmp/rust_mozprofilekVux0y"
*** You are running in headless mode.
1633106952713	Marionette	INFO	Marionette enabled
[GFX1-]: RenderCompositorSWGL failed mapping default framebuffer, no dt
console.log: WebExtensions: reset-default-search: starting.
console.log: WebExtensions: reset-default-search: has already ran once and saw panel, exit.
1633106954078	Marionette	INFO	Listening on port 41143
1633106954109	RemoteAgent	WARN	TLS certificate errors will be ignored for this session
console.log: WebExtensions: reset-default-search: starting.
console.log: WebExtensions: reset-default-search: has already ran once and saw panel, exit.
JavaScript warning: https://www.google.com/js/bg/NNk1vzza2fvPfI2QNF-UnTMKXalxTSrKsyU60SrCuuY.js line 1 > eval line 5725 > eval line 1 > eval, line 1: WEBGL_debug_renderer_info is deprecated in Firefox and will be removed. Please use RENDERER.
console.log: WebExtensions: reset-default-search: starting.
console.log: WebExtensions: reset-default-search: has already ran once and saw panel, exit.
1633107092076	geckodriver	INFO	Listening on 127.0.0.1:49415
1633107093097	mozrunner::runner	INFO	Running command: "/usr/bin/firefox" "--marionette" "-headless" "-no-remote" "-profile" "/tmp/rust_mozprofile2Svc7q"
*** You are running in headless mode.
1633107095847	Marionette	INFO	Marionette enabled
[GFX1-]: RenderCompositorSWGL failed mapping default framebuffer, no dt
console.log: WebExtensions: reset-default-search: starting.
console.log: WebExtensions: reset-default-search: has already ran once and saw panel, exit.
1633107096953	Marionette	INFO	Listening on port 34637
1633107097034	RemoteAgent	WARN	TLS certificate errors will be ignored for this session
console.log: WebExtensions: reset-default-search: starting.
console.log: WebExtensions: reset-default-search: has already ran once and saw panel, exit.
JavaScript warning: https://www.google.com/js/bg/NNk1vzza2fvPfI2QNF-UnTMKXalxTSrKsyU60SrCuuY.js line 1 > eval line 7014 > eval, line 1: WEBGL_debug_renderer_info is deprecated in Firefox and will be removed. Please use RENDERER.
[GFX1-]: Receive IPC close with reason=AbnormalShutdown
Exiting due to channel error.
Exiting due to channel error.
Exiting due to channel error.
Exiting due to channel error.
Exiting due to channel error.
Exiting due to channel error.
Exiting due to channel error.
Exiting due to channel error.
Exiting due to channel error.
Exiting due to channel error.
Exiting due to channel error.
Exiting due to channel error.
Exiting due to channel error.
Exiting due to channel error.
Exiting due to channel error.
Exiting due to channel error.
Exiting due to channel error.
Exiting due to channel error.
Exiting due to channel error.
Exiting due to channel error.
Exiting due to channel error.
Exiting due to channel error.
Exiting due to channel error.
Exiting due to channel error.
Exiting due to channel error.
Exiting due to channel error.
Exiting due to channel error.
Exiting due to channel error.
Exiting due to channel error.
Exiting due to channel error.
Exiting due to channel error.
Exiting due to channel error.
Exiting due to channel error.
Exiting due to channel error.
Exiting due to channel error.
Exiting due to channel error.
Exiting due to channel error.
Exiting due to channel error.
Exiting due to channel error.
Exiting due to channel error.
Exiting due to channel error.
Exiting due to channel error.
Exiting due to channel error.
Exiting due to channel error.
Exiting due to channel error.
1633107121573	geckodriver	INFO	Listening on 127.0.0.1:56285
1633107123568	mozrunner::runner	INFO	Running command: "/usr/bin/firefox" "--marionette" "-headless" "-no-remote" "-profile" "/tmp/rust_mozprofileDoBpsT"
*** You are running in headless mode.
1633107126448	Marionette	INFO	Marionette enabled
[GFX1-]: RenderCompositorSWGL failed mapping default framebuffer, no dt
console.log: WebExtensions: reset-default-search: starting.
console.log: WebExtensions: reset-default-search: has already ran once and saw panel, exit.
console.log: WebExtensions: reset-default-search: starting.
console.log: WebExtensions: reset-default-search: has already ran once and saw panel, exit.
1633107127601	Marionette	INFO	Listening on port 35795
1633107127692	RemoteAgent	WARN	TLS certificate errors will be ignored for this session
JavaScript warning: https://www.google.com/js/bg/NNk1vzza2fvPfI2QNF-UnTMKXalxTSrKsyU60SrCuuY.js line 1 > eval line 2958 > eval line 1 > eval, line 1: WEBGL_debug_renderer_info is deprecated in Firefox and will be removed. Please use RENDERER.
1633107152198	geckodriver	INFO	Listening on 127.0.0.1:35273
1633107153113	mozrunner::runner	INFO	Running command: "/usr/bin/firefox" "--marionette" "-headless" "-no-remote" "-profile" "/tmp/rust_mozprofile0vI9hb"
*** You are running in headless mode.
1633107155939	Marionette	INFO	Marionette enabled
[GFX1-]: RenderCompositorSWGL failed mapping default framebuffer, no dt
console.log: WebExtensions: reset-default-search: starting.
console.log: WebExtensions: reset-default-search: has already ran once and saw panel, exit.
console.log: WebExtensions: reset-default-search: starting.
console.log: WebExtensions: reset-default-search: has already ran once and saw panel, exit.
1633107157000	Marionette	INFO	Listening on port 36561
1633107157047	RemoteAgent	WARN	TLS certificate errors will be ignored for this session
console.log: WebExtensions: reset-default-search: starting.
console.log: WebExtensions: reset-default-search: has already ran once and saw panel, exit.
JavaScript warning: https://www.google.com/js/bg/NNk1vzza2fvPfI2QNF-UnTMKXalxTSrKsyU60SrCuuY.js line 1 > eval line 852 > eval, line 1: WEBGL_debug_renderer_info is deprecated in Firefox and will be removed. Please use RENDERER.
1633107176375	geckodriver	INFO	Listening on 127.0.0.1:53511
1633107178254	mozrunner::runner	INFO	Running command: "/usr/bin/firefox" "--marionette" "-headless" "-no-remote" "-profile" "/tmp/rust_mozprofile568TOo"
*** You are running in headless mode.
1633107180896	Marionette	INFO	Marionette enabled
[GFX1-]: RenderCompositorSWGL failed mapping default framebuffer, no dt
console.log: WebExtensions: reset-default-search: starting.
console.log: WebExtensions: reset-default-search: has already ran once and saw panel, exit.
1633107181897	Marionette	INFO	Listening on port 44527
console.log: WebExtensions: reset-default-search: starting.
console.log: WebExtensions: reset-default-search: has already ran once and saw panel, exit.
1633107181981	RemoteAgent	WARN	TLS certificate errors will be ignored for this session
JavaScript warning: https://www.google.com/js/bg/NNk1vzza2fvPfI2QNF-UnTMKXalxTSrKsyU60SrCuuY.js line 1 > eval line 1931 > eval line 1 > eval, line 1: WEBGL_debug_renderer_info is deprecated in Firefox and will be removed. Please use RENDERER.
console.log: WebExtensions: reset-default-search: starting.
console.log: WebExtensions: reset-default-search: has already ran once and saw panel, exit.
1633107203530	geckodriver	INFO	Listening on 127.0.0.1:51373
1633107204412	mozrunner::runner	INFO	Running command: "/usr/bin/firefox" "--marionette" "-headless" "-no-remote" "-profile" "/tmp/rust_mozprofiletMQ9K8"
*** You are running in headless mode.
1633107207020	Marionette	INFO	Marionette enabled
[GFX1-]: RenderCompositorSWGL failed mapping default framebuffer, no dt
console.log: WebExtensions: reset-default-search: starting.
console.log: WebExtensions: reset-default-search: has already ran once and saw panel, exit.
1633107208110	Marionette	INFO	Listening on port 41591
1633107208158	RemoteAgent	WARN	TLS certificate errors will be ignored for this session
console.log: WebExtensions: reset-default-search: starting.
console.log: WebExtensions: reset-default-search: has already ran once and saw panel, exit.
JavaScript warning: https://www.google.com/js/bg/NNk1vzza2fvPfI2QNF-UnTMKXalxTSrKsyU60SrCuuY.js line 1 > eval line 2475 > eval line 1 > eval, line 1: WEBGL_debug_renderer_info is deprecated in Firefox and will be removed. Please use RENDERER.
console.log: WebExtensions: reset-default-search: starting.
console.log: WebExtensions: reset-default-search: has already ran once and saw panel, exit.
console.log: WebExtensions: reset-default-search: starting.
console.log: WebExtensions: reset-default-search: has already ran once and saw panel, exit.
1633107419909	geckodriver	INFO	Listening on 127.0.0.1:56271
1633107421848	mozrunner::runner	INFO	Running command: "/usr/bin/firefox" "--marionette" "-headless" "-no-remote" "-profile" "/tmp/rust_mozprofileEYOsvX"
*** You are running in headless mode.
1633107424663	Marionette	INFO	Marionette enabled
[GFX1-]: RenderCompositorSWGL failed mapping default framebuffer, no dt
console.log: WebExtensions: reset-default-search: starting.
console.log: WebExtensions: reset-default-search: has already ran once and saw panel, exit.
1633107425624	Marionette	INFO	Listening on port 37053
1633107425681	RemoteAgent	WARN	TLS certificate errors will be ignored for this session
console.log: WebExtensions: reset-default-search: starting.
console.log: WebExtensions: reset-default-search: has already ran once and saw panel, exit.
JavaScript warning: https://www.google.com/js/bg/NNk1vzza2fvPfI2QNF-UnTMKXalxTSrKsyU60SrCuuY.js line 1 > eval line 1504 > eval line 1 > eval, line 1: WEBGL_debug_renderer_info is deprecated in Firefox and will be removed. Please use RENDERER.
1633107443187	geckodriver	INFO	Listening on 127.0.0.1:32907
1633107444065	mozrunner::runner	INFO	Running command: "/usr/bin/firefox" "--marionette" "-headless" "-no-remote" "-profile" "/tmp/rust_mozprofiledOK3Hu"
*** You are running in headless mode.
1633107446500	Marionette	INFO	Marionette enabled
[GFX1-]: RenderCompositorSWGL failed mapping default framebuffer, no dt
console.log: WebExtensions: reset-default-search: starting.
console.log: WebExtensions: reset-default-search: has already ran once and saw panel, exit.
1633107447551	Marionette	INFO	Listening on port 35411
1633107447611	RemoteAgent	WARN	TLS certificate errors will be ignored for this session
console.log: WebExtensions: reset-default-search: starting.
console.log: WebExtensions: reset-default-search: has already ran once and saw panel, exit.
JavaScript warning: https://www.google.com/js/bg/NNk1vzza2fvPfI2QNF-UnTMKXalxTSrKsyU60SrCuuY.js line 1 > eval line 7563 > eval line 1 > eval, line 1: WEBGL_debug_renderer_info is deprecated in Firefox and will be removed. Please use RENDERER.
console.log: WebExtensions: reset-default-search: starting.
console.log: WebExtensions: reset-default-search: has already ran once and saw panel, exit.
1633107468703	geckodriver	INFO	Listening on 127.0.0.1:57393
1633107469601	mozrunner::runner	INFO	Running command: "/usr/bin/firefox" "--marionette" "-headless" "-no-remote" "-profile" "/tmp/rust_mozprofileMrAdNj"
*** You are running in headless mode.
1633107472277	Marionette	INFO	Marionette enabled
[GFX1-]: RenderCompositorSWGL failed mapping default framebuffer, no dt
console.log: WebExtensions: reset-default-search: starting.
console.log: WebExtensions: reset-default-search: has already ran once and saw panel, exit.
1633107473264	Marionette	INFO	Listening on port 45391
1633107473340	RemoteAgent	WARN	TLS certificate errors will be ignored for this session
console.log: WebExtensions: reset-default-search: starting.
console.log: WebExtensions: reset-default-search: has already ran once and saw panel, exit.
JavaScript warning: https://www.google.com/js/bg/NNk1vzza2fvPfI2QNF-UnTMKXalxTSrKsyU60SrCuuY.js line 1 > eval line 2015 > eval line 1 > eval, line 1: WEBGL_debug_renderer_info is deprecated in Firefox and will be removed. Please use RENDERER.
console.log: WebExtensions: reset-default-search: starting.
console.log: WebExtensions: reset-default-search: has already ran once and saw panel, exit.
console.log: WebExtensions: reset-default-search: starting.
console.log: WebExtensions: reset-default-search: has already ran once and saw panel, exit.
1633107590716	geckodriver	INFO	Listening on 127.0.0.1:32871
1633107591604	mozrunner::runner	INFO	Running command: "/usr/bin/firefox" "--marionette" "-headless" "-no-remote" "-profile" "/tmp/rust_mozprofilelOzMQS"
*** You are running in headless mode.
1633107594494	Marionette	INFO	Marionette enabled
[GFX1-]: RenderCompositorSWGL failed mapping default framebuffer, no dt
console.log: WebExtensions: reset-default-search: starting.
console.log: WebExtensions: reset-default-search: has already ran once and saw panel, exit.
1633107595499	Marionette	INFO	Listening on port 38885
1633107595542	RemoteAgent	WARN	TLS certificate errors will be ignored for this session
console.log: WebExtensions: reset-default-search: starting.
console.log: WebExtensions: reset-default-search: has already ran once and saw panel, exit.
JavaScript warning: https://www.google.com/js/bg/NNk1vzza2fvPfI2QNF-UnTMKXalxTSrKsyU60SrCuuY.js line 1 > eval line 1315 > eval, line 1: WEBGL_debug_renderer_info is deprecated in Firefox and will be removed. Please use RENDERER.
console.log: WebExtensions: reset-default-search: starting.
console.log: WebExtensions: reset-default-search: has already ran once and saw panel, exit.
1633107639290	geckodriver	INFO	Listening on 127.0.0.1:33343
1633107640226	mozrunner::runner	INFO	Running command: "/usr/bin/firefox" "--marionette" "-headless" "-no-remote" "-profile" "/tmp/rust_mozprofiled9nIOy"
*** You are running in headless mode.
1633107642995	Marionette	INFO	Marionette enabled
[GFX1-]: RenderCompositorSWGL failed mapping default framebuffer, no dt
console.log: WebExtensions: reset-default-search: starting.
console.log: WebExtensions: reset-default-search: has already ran once and saw panel, exit.
1633107643998	Marionette	INFO	Listening on port 40275
1633107644052	RemoteAgent	WARN	TLS certificate errors will be ignored for this session
console.log: WebExtensions: reset-default-search: starting.
console.log: WebExtensions: reset-default-search: has already ran once and saw panel, exit.
JavaScript warning: https://www.google.com/js/bg/NNk1vzza2fvPfI2QNF-UnTMKXalxTSrKsyU60SrCuuY.js line 1 > eval line 6084 > eval line 1 > eval, line 1: WEBGL_debug_renderer_info is deprecated in Firefox and will be removed. Please use RENDERER.
console.log: WebExtensions: reset-default-search: starting.
console.log: WebExtensions: reset-default-search: has already ran once and saw panel, exit.
JavaScript error: resource://gre/modules/PromiseWorker.jsm, line 106: Error: Could not get children of file(/tmp/rust_mozprofileDoBpsT/thumbnails) because it does not exist
JavaScript error: resource://gre/modules/PromiseWorker.jsm, line 106: Error: Could not get children of file(/tmp/rust_mozprofile0vI9hb/thumbnails) because it does not exist
JavaScript error: resource://gre/modules/PromiseWorker.jsm, line 106: Error: Could not get children of file(/tmp/rust_mozprofile568TOo/thumbnails) because it does not exist
JavaScript error: resource://gre/modules/PromiseWorker.jsm, line 106: Error: Could not get children of file(/tmp/rust_mozprofiletMQ9K8/thumbnails) because it does not exist
1633107889021	geckodriver	INFO	Listening on 127.0.0.1:55769
1633107890988	mozrunner::runner	INFO	Running command: "/usr/bin/firefox" "--marionette" "-headless" "-no-remote" "-profile" "/tmp/rust_mozprofileqkjCFB"
*** You are running in headless mode.
1633107893854	Marionette	INFO	Marionette enabled
[GFX1-]: RenderCompositorSWGL failed mapping default framebuffer, no dt
console.log: WebExtensions: reset-default-search: starting.
console.log: WebExtensions: reset-default-search: has already ran once and saw panel, exit.
1633107894920	Marionette	INFO	Listening on port 46399
console.log: WebExtensions: reset-default-search: starting.
console.log: WebExtensions: reset-default-search: has already ran once and saw panel, exit.
1633107895014	RemoteAgent	WARN	TLS certificate errors will be ignored for this session
JavaScript warning: https://www.google.com/js/bg/NNk1vzza2fvPfI2QNF-UnTMKXalxTSrKsyU60SrCuuY.js line 1 > eval line 5478 > eval, line 1: WEBGL_debug_renderer_info is deprecated in Firefox and will be removed. Please use RENDERER.
console.log: WebExtensions: reset-default-search: starting.
console.log: WebExtensions: reset-default-search: has already ran once and saw panel, exit.
JavaScript error: resource://gre/modules/PromiseWorker.jsm, line 106: Error: Could not get children of file(/tmp/rust_mozprofileEYOsvX/thumbnails) because it does not exist
JavaScript error: resource://gre/modules/PromiseWorker.jsm, line 106: Error: Could not get children of file(/tmp/rust_mozprofiledOK3Hu/thumbnails) because it does not exist
JavaScript error: resource://gre/modules/PromiseWorker.jsm, line 106: Error: Could not get children of file(/tmp/rust_mozprofileMrAdNj/thumbnails) because it does not exist
JavaScript error: resource://gre/modules/PromiseWorker.jsm, line 106: Error: Could not get children of file(/tmp/rust_mozprofilelOzMQS/thumbnails) because it does not exist
JavaScript error: resource://gre/modules/PromiseWorker.jsm, line 106: Error: Could not get children of file(/tmp/rust_mozprofiled9nIOy/thumbnails) because it does not exist
JavaScript error: resource://gre/modules/PromiseWorker.jsm, line 106: Error: Could not get children of file(/tmp/rust_mozprofileqkjCFB/thumbnails) because it does not exist
1633108995421	geckodriver	INFO	Listening on 127.0.0.1:43993
1633108996104	geckodriver	INFO	Listening on 127.0.0.1:47891
1633108996852	geckodriver	INFO	Listening on 127.0.0.1:37953
1633108997601	geckodriver	INFO	Listening on 127.0.0.1:39145
1633108998265	geckodriver	INFO	Listening on 127.0.0.1:50285
1633108999084	geckodriver	INFO	Listening on 127.0.0.1:56575
1633108999908	geckodriver	INFO	Listening on 127.0.0.1:43719
1633109000545	geckodriver	INFO	Listening on 127.0.0.1:51371
1633109001443	geckodriver	INFO	Listening on 127.0.0.1:42067
1633109002244	geckodriver	INFO	Listening on 127.0.0.1:46349
1633109003089	geckodriver	INFO	Listening on 127.0.0.1:50659
1633109004032	geckodriver	INFO	Listening on 127.0.0.1:49837
1633109004948	geckodriver	INFO	Listening on 127.0.0.1:36637
1633109005575	geckodriver	INFO	Listening on 127.0.0.1:33965
1633109006619	geckodriver	INFO	Listening on 127.0.0.1:53015
1633109007468	geckodriver	INFO	Listening on 127.0.0.1:40547
1633109008141	geckodriver	INFO	Listening on 127.0.0.1:37257
1633109009087	geckodriver	INFO	Listening on 127.0.0.1:55405
1633109010481	geckodriver	INFO	Listening on 127.0.0.1:53855
1633109011197	geckodriver	INFO	Listening on 127.0.0.1:43981
1633109012059	geckodriver	INFO	Listening on 127.0.0.1:41537
1633109012907	geckodriver	INFO	Listening on 127.0.0.1:36615
1633109013603	geckodriver	INFO	Listening on 127.0.0.1:55963
1633109017605	geckodriver	INFO	Listening on 127.0.0.1:33991
1633109018361	geckodriver	INFO	Listening on 127.0.0.1:39515
1633109020228	geckodriver	INFO	Listening on 127.0.0.1:33159
1633109020857	geckodriver	INFO	Listening on 127.0.0.1:53255
1633109022108	geckodriver	INFO	Listening on 127.0.0.1:40769
1633109022954	geckodriver	INFO	Listening on 127.0.0.1:42671
1633109023645	geckodriver	INFO	Listening on 127.0.0.1:47457
1633109024401	geckodriver	INFO	Listening on 127.0.0.1:34555
1633109028111	geckodriver	INFO	Listening on 127.0.0.1:36447
1633109030019	mozrunner::runner	INFO	Running command: "/usr/bin/firefox" "--marionette" "-headless" "-no-remote" "-profile" "/tmp/rust_mozprofilesiZkjf"
*** You are running in headless mode.
1633109032475	Marionette	INFO	Marionette enabled
[GFX1-]: RenderCompositorSWGL failed mapping default framebuffer, no dt
console.log: WebExtensions: reset-default-search: starting.
console.log: WebExtensions: reset-default-search: has already ran once and saw panel, exit.
1633109033689	Marionette	INFO	Listening on port 37897
1633109033750	RemoteAgent	WARN	TLS certificate errors will be ignored for this session
console.log: WebExtensions: reset-default-search: starting.
console.log: WebExtensions: reset-default-search: has already ran once and saw panel, exit.
JavaScript warning: https://www.google.com/js/bg/NNk1vzza2fvPfI2QNF-UnTMKXalxTSrKsyU60SrCuuY.js line 1 > eval line 366 > eval, line 1: WEBGL_debug_renderer_info is deprecated in Firefox and will be removed. Please use RENDERER.
JavaScript warning: https://www.google.com/js/bg/NNk1vzza2fvPfI2QNF-UnTMKXalxTSrKsyU60SrCuuY.js line 1 > eval line 508 > eval, line 1: WEBGL_debug_renderer_info is deprecated in Firefox and will be removed. Please use RENDERER.
Exiting due to channel error.
Exiting due to channel error.
Exiting due to channel error.
1633109075237	geckodriver	INFO	Listening on 127.0.0.1:59561
1633109077245	mozrunner::runner	INFO	Running command: "/usr/bin/firefox" "--marionette" "-headless" "-no-remote" "-profile" "/tmp/rust_mozprofilecPV3u9"
*** You are running in headless mode.
1633109079608	Marionette	INFO	Marionette enabled
[GFX1-]: RenderCompositorSWGL failed mapping default framebuffer, no dt
console.log: WebExtensions: reset-default-search: starting.
console.log: WebExtensions: reset-default-search: has already ran once and saw panel, exit.
1633109080686	Marionette	INFO	Listening on port 39199
console.log: WebExtensions: reset-default-search: starting.
console.log: WebExtensions: reset-default-search: has already ran once and saw panel, exit.
1633109080777	RemoteAgent	WARN	TLS certificate errors will be ignored for this session
JavaScript warning: https://www.google.com/js/bg/NNk1vzza2fvPfI2QNF-UnTMKXalxTSrKsyU60SrCuuY.js line 1 > eval line 4548 > eval, line 1: WEBGL_debug_renderer_info is deprecated in Firefox and will be removed. Please use RENDERER.
JavaScript warning: https://www.google.com/js/bg/NNk1vzza2fvPfI2QNF-UnTMKXalxTSrKsyU60SrCuuY.js line 1 > eval line 4222 > eval line 1 > eval, line 1: WEBGL_debug_renderer_info is deprecated in Firefox and will be removed. Please use RENDERER.
Exiting due to channel error.
Exiting due to channel error.
Exiting due to channel error.
1633109295278	geckodriver	INFO	Listening on 127.0.0.1:53391
1633109297405	mozrunner::runner	INFO	Running command: "/usr/bin/firefox" "--marionette" "-headless" "-no-remote" "-profile" "/tmp/rust_mozprofilemB297S"
*** You are running in headless mode.
1633109299829	Marionette	INFO	Marionette enabled
[GFX1-]: RenderCompositorSWGL failed mapping default framebuffer, no dt
console.log: WebExtensions: reset-default-search: starting.
console.log: WebExtensions: reset-default-search: has already ran once and saw panel, exit.
1633109300847	Marionette	INFO	Listening on port 44691
1633109300932	RemoteAgent	WARN	TLS certificate errors will be ignored for this session
console.log: WebExtensions: reset-default-search: starting.
console.log: WebExtensions: reset-default-search: has already ran once and saw panel, exit.
Exiting due to channel error.
Exiting due to channel error.
Exiting due to channel error.
1633109367772	geckodriver	INFO	Listening on 127.0.0.1:33535
1633109369658	mozrunner::runner	INFO	Running command: "/usr/bin/firefox" "--marionette" "-headless" "-no-remote" "-profile" "/tmp/rust_mozprofileenfaIx"
*** You are running in headless mode.
1633109372075	Marionette	INFO	Marionette enabled
[GFX1-]: RenderCompositorSWGL failed mapping default framebuffer, no dt
console.log: WebExtensions: reset-default-search: starting.
console.log: WebExtensions: reset-default-search: has already ran once and saw panel, exit.
1633109373300	Marionette	INFO	Listening on port 37869
console.log: WebExtensions: reset-default-search: starting.
console.log: WebExtensions: reset-default-search: has already ran once and saw panel, exit.
1633109373380	RemoteAgent	WARN	TLS certificate errors will be ignored for this session
Exiting due to channel error.
Exiting due to channel error.
Exiting due to channel error.
1633109438428	geckodriver	INFO	Listening on 127.0.0.1:34447
1633109440315	mozrunner::runner	INFO	Running command: "/usr/bin/firefox" "--marionette" "-headless" "-no-remote" "-profile" "/tmp/rust_mozprofile4z5cdB"
*** You are running in headless mode.
1633109443033	Marionette	INFO	Marionette enabled
[GFX1-]: RenderCompositorSWGL failed mapping default framebuffer, no dt
console.log: WebExtensions: reset-default-search: starting.
console.log: WebExtensions: reset-default-search: has already ran once and saw panel, exit.
1633109443984	Marionette	INFO	Listening on port 43547
1633109444078	RemoteAgent	WARN	TLS certificate errors will be ignored for this session
console.log: WebExtensions: reset-default-search: starting.
console.log: WebExtensions: reset-default-search: has already ran once and saw panel, exit.
Exiting due to channel error.
Exiting due to channel error.
Exiting due to channel error.
1633109536768	geckodriver	INFO	Listening on 127.0.0.1:40379
1633109538869	mozrunner::runner	INFO	Running command: "/usr/bin/firefox" "--marionette" "-headless" "-no-remote" "-profile" "/tmp/rust_mozprofilew6Sig3"
*** You are running in headless mode.
1633109539151	Marionette	INFO	Marionette enabled
[GFX1-]: RenderCompositorSWGL failed mapping default framebuffer, no dt
console.log: WebExtensions: reset-default-search: starting.
console.log: WebExtensions: reset-default-search: has already ran once and saw panel, exit.
console.log: WebExtensions: reset-default-search: starting.
console.log: WebExtensions: reset-default-search: has already ran once and saw panel, exit.
1633109540202	Marionette	INFO	Listening on port 37901
1633109540285	RemoteAgent	WARN	TLS certificate errors will be ignored for this session
Exiting due to channel error.
Exiting due to channel error.
Exiting due to channel error.
1633109618331	geckodriver	INFO	Listening on 127.0.0.1:56235
1633109620344	mozrunner::runner	INFO	Running command: "/usr/bin/firefox" "--marionette" "-headless" "-no-remote" "-profile" "/tmp/rust_mozprofileEBTSMW"
*** You are running in headless mode.
1633109620694	Marionette	INFO	Marionette enabled
[GFX1-]: RenderCompositorSWGL failed mapping default framebuffer, no dt
console.log: WebExtensions: reset-default-search: starting.
console.log: WebExtensions: reset-default-search: has already ran once and saw panel, exit.
1633109621832	Marionette	INFO	Listening on port 46221
console.log: WebExtensions: reset-default-search: starting.
console.log: WebExtensions: reset-default-search: has already ran once and saw panel, exit.
1633109621873	RemoteAgent	WARN	TLS certificate errors will be ignored for this session
Exiting due to channel error.
Exiting due to channel error.
Exiting due to channel error.
1633109671878	geckodriver	INFO	Listening on 127.0.0.1:56777
1633109673924	mozrunner::runner	INFO	Running command: "/usr/bin/firefox" "--marionette" "-headless" "-no-remote" "-profile" "/tmp/rust_mozprofilejk9VF5"
*** You are running in headless mode.
1633109674266	Marionette	INFO	Marionette enabled
[GFX1-]: RenderCompositorSWGL failed mapping default framebuffer, no dt
console.log: WebExtensions: reset-default-search: starting.
console.log: WebExtensions: reset-default-search: has already ran once and saw panel, exit.
1633109675279	Marionette	INFO	Listening on port 44639
1633109675350	RemoteAgent	WARN	TLS certificate errors will be ignored for this session
console.log: WebExtensions: reset-default-search: starting.
console.log: WebExtensions: reset-default-search: has already ran once and saw panel, exit.
Exiting due to channel error.
Exiting due to channel error.
Exiting due to channel error.
1633110432481	geckodriver	INFO	Listening on 127.0.0.1:51371
1633110434435	mozrunner::runner	INFO	Running command: "/usr/bin/firefox" "--marionette" "-headless" "-no-remote" "-profile" "/tmp/rust_mozprofileQGPA6p"
*** You are running in headless mode.
1633110436905	Marionette	INFO	Marionette enabled
[GFX1-]: RenderCompositorSWGL failed mapping default framebuffer, no dt
console.log: WebExtensions: reset-default-search: starting.
console.log: WebExtensions: reset-default-search: has already ran once and saw panel, exit.
1633110437966	Marionette	INFO	Listening on port 43107
console.log: WebExtensions: reset-default-search: starting.
console.log: WebExtensions: reset-default-search: has already ran once and saw panel, exit.
1633110438056	RemoteAgent	WARN	TLS certificate errors will be ignored for this session
Exiting due to channel error.
Exiting due to channel error.
Exiting due to channel error.
1633110466485	geckodriver	INFO	Listening on 127.0.0.1:35599
1633110468378	mozrunner::runner	INFO	Running command: "/usr/bin/firefox" "--marionette" "-headless" "-no-remote" "-profile" "/tmp/rust_mozprofileqDaK8M"
*** You are running in headless mode.
1633110468599	Marionette	INFO	Marionette enabled
[GFX1-]: RenderCompositorSWGL failed mapping default framebuffer, no dt
console.log: WebExtensions: reset-default-search: starting.
console.log: WebExtensions: reset-default-search: has already ran once and saw panel, exit.
1633110469565	Marionette	INFO	Listening on port 44813
1633110469603	RemoteAgent	WARN	TLS certificate errors will be ignored for this session
console.log: WebExtensions: reset-default-search: starting.
console.log: WebExtensions: reset-default-search: has already ran once and saw panel, exit.
Exiting due to channel error.
Exiting due to channel error.
Exiting due to channel error.
1633110510272	geckodriver	INFO	Listening on 127.0.0.1:37805
1633110512189	mozrunner::runner	INFO	Running command: "/usr/bin/firefox" "--marionette" "-headless" "-no-remote" "-profile" "/tmp/rust_mozprofilekucck3"
*** You are running in headless mode.
1633110512398	Marionette	INFO	Marionette enabled
[GFX1-]: RenderCompositorSWGL failed mapping default framebuffer, no dt
console.log: WebExtensions: reset-default-search: starting.
console.log: WebExtensions: reset-default-search: has already ran once and saw panel, exit.
1633110513404	Marionette	INFO	Listening on port 45805
console.log: WebExtensions: reset-default-search: starting.
console.log: WebExtensions: reset-default-search: has already ran once and saw panel, exit.
1633110513504	RemoteAgent	WARN	TLS certificate errors will be ignored for this session
Exiting due to channel error.
Exiting due to channel error.
Exiting due to channel error.
1633111154185	geckodriver	INFO	Listening on 127.0.0.1:55911
1633111156169	mozrunner::runner	INFO	Running command: "/usr/bin/firefox" "--marionette" "-headless" "-no-remote" "-profile" "/tmp/rust_mozprofilecQIQp1"
*** You are running in headless mode.
1633111156366	Marionette	INFO	Marionette enabled
[GFX1-]: RenderCompositorSWGL failed mapping default framebuffer, no dt
console.log: WebExtensions: reset-default-search: starting.
console.log: WebExtensions: reset-default-search: has already ran once and saw panel, exit.
1633111157329	Marionette	INFO	Listening on port 38781
1633111157395	RemoteAgent	WARN	TLS certificate errors will be ignored for this session
console.log: WebExtensions: reset-default-search: starting.
console.log: WebExtensions: reset-default-search: has already ran once and saw panel, exit.
Exiting due to channel error.
Exiting due to channel error.
Exiting due to channel error.
1633111723507	geckodriver	INFO	Listening on 127.0.0.1:44279
1633111725434	mozrunner::runner	INFO	Running command: "/usr/bin/firefox" "--marionette" "-headless" "-no-remote" "-profile" "/tmp/rust_mozprofile8OVbmL"
*** You are running in headless mode.
1633111725645	Marionette	INFO	Marionette enabled
[GFX1-]: RenderCompositorSWGL failed mapping default framebuffer, no dt
console.log: WebExtensions: reset-default-search: starting.
console.log: WebExtensions: reset-default-search: has already ran once and saw panel, exit.
console.log: WebExtensions: reset-default-search: starting.
console.log: WebExtensions: reset-default-search: has already ran once and saw panel, exit.
1633111726650	Marionette	INFO	Listening on port 36997
1633111726749	RemoteAgent	WARN	TLS certificate errors will be ignored for this session
JavaScript warning: https://www.google.com/js/bg/NNk1vzza2fvPfI2QNF-UnTMKXalxTSrKsyU60SrCuuY.js line 1 > eval line 6452 > eval, line 1: WEBGL_debug_renderer_info is deprecated in Firefox and will be removed. Please use RENDERER.
JavaScript error: resource://gre/modules/PromiseWorker.jsm, line 106: Error: Could not get children of file(/tmp/rust_mozprofile8OVbmL/thumbnails) because it does not exist
JavaScript warning: https://www.google.com/js/bg/NNk1vzza2fvPfI2QNF-UnTMKXalxTSrKsyU60SrCuuY.js line 1 > eval line 7624 > eval, line 1: WEBGL_debug_renderer_info is deprecated in Firefox and will be removed. Please use RENDERER.
JavaScript warning: https://www.google.com/js/bg/NNk1vzza2fvPfI2QNF-UnTMKXalxTSrKsyU60SrCuuY.js line 1 > eval line 3905 > eval line 1 > eval, line 1: WEBGL_debug_renderer_info is deprecated in Firefox and will be removed. Please use RENDERER.
JavaScript warning: https://www.google.com/js/bg/NNk1vzza2fvPfI2QNF-UnTMKXalxTSrKsyU60SrCuuY.js line 1 > eval line 5485 > eval, line 1: WEBGL_debug_renderer_info is deprecated in Firefox and will be removed. Please use RENDERER.
JavaScript warning: https://www.google.com/js/bg/NNk1vzza2fvPfI2QNF-UnTMKXalxTSrKsyU60SrCuuY.js line 1 > eval line 1611 > eval, line 1: WEBGL_debug_renderer_info is deprecated in Firefox and will be removed. Please use RENDERER.
JavaScript warning: https://www.google.com/js/bg/NNk1vzza2fvPfI2QNF-UnTMKXalxTSrKsyU60SrCuuY.js line 1 > eval line 6504 > eval line 1 > eval, line 1: WEBGL_debug_renderer_info is deprecated in Firefox and will be removed. Please use RENDERER.
JavaScript warning: https://www.google.com/js/bg/NNk1vzza2fvPfI2QNF-UnTMKXalxTSrKsyU60SrCuuY.js line 1 > eval line 7112 > eval, line 1: WEBGL_debug_renderer_info is deprecated in Firefox and will be removed. Please use RENDERER.
JavaScript warning: https://www.google.com/js/bg/NNk1vzza2fvPfI2QNF-UnTMKXalxTSrKsyU60SrCuuY.js line 1 > eval line 6841 > eval line 1 > eval, line 1: WEBGL_debug_renderer_info is deprecated in Firefox and will be removed. Please use RENDERER.
JavaScript warning: https://www.google.com/js/bg/NNk1vzza2fvPfI2QNF-UnTMKXalxTSrKsyU60SrCuuY.js line 1 > eval line 7177 > eval, line 1: WEBGL_debug_renderer_info is deprecated in Firefox and will be removed. Please use RENDERER.
JavaScript warning: https://www.google.com/js/bg/NNk1vzza2fvPfI2QNF-UnTMKXalxTSrKsyU60SrCuuY.js line 1 > eval line 3295 > eval line 1 > eval, line 1: WEBGL_debug_renderer_info is deprecated in Firefox and will be removed. Please use RENDERER.
JavaScript warning: https://www.google.com/js/bg/NNk1vzza2fvPfI2QNF-UnTMKXalxTSrKsyU60SrCuuY.js line 1 > eval line 5157 > eval, line 1: WEBGL_debug_renderer_info is deprecated in Firefox and will be removed. Please use RENDERER.
JavaScript warning: https://www.google.com/js/bg/NNk1vzza2fvPfI2QNF-UnTMKXalxTSrKsyU60SrCuuY.js line 1 > eval line 5988 > eval, line 1: WEBGL_debug_renderer_info is deprecated in Firefox and will be removed. Please use RENDERER.
JavaScript warning: https://www.google.com/js/bg/NNk1vzza2fvPfI2QNF-UnTMKXalxTSrKsyU60SrCuuY.js line 1 > eval line 7405 > eval line 1 > eval, line 1: WEBGL_debug_renderer_info is deprecated in Firefox and will be removed. Please use RENDERER.
JavaScript warning: https://www.google.com/js/bg/NNk1vzza2fvPfI2QNF-UnTMKXalxTSrKsyU60SrCuuY.js line 1 > eval line 7014 > eval, line 1: WEBGL_debug_renderer_info is deprecated in Firefox and will be removed. Please use RENDERER.
JavaScript warning: https://www.google.com/js/bg/NNk1vzza2fvPfI2QNF-UnTMKXalxTSrKsyU60SrCuuY.js line 1 > eval line 1599 > eval line 1 > eval, line 1: WEBGL_debug_renderer_info is deprecated in Firefox and will be removed. Please use RENDERER.
JavaScript warning: https://www.google.com/js/bg/NNk1vzza2fvPfI2QNF-UnTMKXalxTSrKsyU60SrCuuY.js line 1 > eval line 4720 > eval, line 1: WEBGL_debug_renderer_info is deprecated in Firefox and will be removed. Please use RENDERER.
JavaScript warning: https://www.google.com/js/bg/NNk1vzza2fvPfI2QNF-UnTMKXalxTSrKsyU60SrCuuY.js line 1 > eval line 829 > eval line 1 > eval, line 1: WEBGL_debug_renderer_info is deprecated in Firefox and will be removed. Please use RENDERER.
JavaScript warning: https://www.google.com/js/bg/NNk1vzza2fvPfI2QNF-UnTMKXalxTSrKsyU60SrCuuY.js line 1 > eval line 6928 > eval, line 1: WEBGL_debug_renderer_info is deprecated in Firefox and will be removed. Please use RENDERER.
JavaScript warning: https://www.google.com/js/bg/NNk1vzza2fvPfI2QNF-UnTMKXalxTSrKsyU60SrCuuY.js line 1 > eval line 7368 > eval line 1 > eval, line 1: WEBGL_debug_renderer_info is deprecated in Firefox and will be removed. Please use RENDERER.
JavaScript warning: https://www.google.com/js/bg/NNk1vzza2fvPfI2QNF-UnTMKXalxTSrKsyU60SrCuuY.js line 1 > eval line 5753 > eval line 1 > eval, line 1: WEBGL_debug_renderer_info is deprecated in Firefox and will be removed. Please use RENDERER.
JavaScript warning: https://www.google.com/js/bg/NNk1vzza2fvPfI2QNF-UnTMKXalxTSrKsyU60SrCuuY.js line 1 > eval line 7078 > eval line 1 > eval, line 1: WEBGL_debug_renderer_info is deprecated in Firefox and will be removed. Please use RENDERER.
JavaScript warning: https://www.google.com/js/bg/NNk1vzza2fvPfI2QNF-UnTMKXalxTSrKsyU60SrCuuY.js line 1 > eval line 647 > eval line 1 > eval, line 1: WEBGL_debug_renderer_info is deprecated in Firefox and will be removed. Please use RENDERER.
Exiting due to channel error.
Exiting due to channel error.
Exiting due to channel error.
1633115878461	geckodriver	INFO	Listening on 127.0.0.1:38713
1633115880383	mozrunner::runner	INFO	Running command: "/usr/bin/firefox" "--marionette" "-headless" "-no-remote" "-profile" "/tmp/rust_mozprofile1xO9W0"
*** You are running in headless mode.
1633115882419	Marionette	INFO	Marionette enabled
[GFX1-]: RenderCompositorSWGL failed mapping default framebuffer, no dt
console.log: WebExtensions: reset-default-search: starting.
console.log: WebExtensions: reset-default-search: has already ran once and saw panel, exit.
1633115883531	Marionette	INFO	Listening on port 43721
console.log: WebExtensions: reset-default-search: starting.
console.log: WebExtensions: reset-default-search: has already ran once and saw panel, exit.
1633115883607	RemoteAgent	WARN	TLS certificate errors will be ignored for this session
JavaScript error: resource://gre/modules/PromiseWorker.jsm, line 106: Error: Could not get children of file(/tmp/rust_mozprofile1xO9W0/thumbnails) because it does not exist
JavaScript warning: https://www.google.com/js/bg/NNk1vzza2fvPfI2QNF-UnTMKXalxTSrKsyU60SrCuuY.js line 1 > eval line 2304 > eval line 1 > eval, line 1: WEBGL_debug_renderer_info is deprecated in Firefox and will be removed. Please use RENDERER.
JavaScript warning: https://www.google.com/js/bg/NNk1vzza2fvPfI2QNF-UnTMKXalxTSrKsyU60SrCuuY.js line 1 > eval line 1944 > eval, line 1: WEBGL_debug_renderer_info is deprecated in Firefox and will be removed. Please use RENDERER.
JavaScript warning: https://www.google.com/js/bg/NNk1vzza2fvPfI2QNF-UnTMKXalxTSrKsyU60SrCuuY.js line 1 > eval line 6213 > eval, line 1: WEBGL_debug_renderer_info is deprecated in Firefox and will be removed. Please use RENDERER.
Exiting due to channel error.
Exiting due to channel error.
Exiting due to channel error.
1633115986886	geckodriver	INFO	Listening on 127.0.0.1:39861
1633115988803	mozrunner::runner	INFO	Running command: "/usr/bin/firefox" "--marionette" "-headless" "-no-remote" "-profile" "/tmp/rust_mozprofileQ05iqx"
*** You are running in headless mode.
1633115991178	Marionette	INFO	Marionette enabled
[GFX1-]: RenderCompositorSWGL failed mapping default framebuffer, no dt
console.log: WebExtensions: reset-default-search: starting.
console.log: WebExtensions: reset-default-search: has already ran once and saw panel, exit.
1633115992128	Marionette	INFO	Listening on port 40417
console.log: WebExtensions: reset-default-search: starting.
console.log: WebExtensions: reset-default-search: has already ran once and saw panel, exit.
1633115992222	RemoteAgent	WARN	TLS certificate errors will be ignored for this session
JavaScript warning: https://www.google.com/js/bg/NNk1vzza2fvPfI2QNF-UnTMKXalxTSrKsyU60SrCuuY.js line 1 > eval line 5529 > eval line 1 > eval, line 1: WEBGL_debug_renderer_info is deprecated in Firefox and will be removed. Please use RENDERER.
Exiting due to channel error.
Exiting due to channel error.
Exiting due to channel error.
1633116016478	geckodriver	INFO	Listening on 127.0.0.1:42949
1633116018452	mozrunner::runner	INFO	Running command: "/usr/bin/firefox" "--marionette" "-headless" "-no-remote" "-profile" "/tmp/rust_mozprofileulSDNN"
*** You are running in headless mode.
1633116018740	Marionette	INFO	Marionette enabled
[GFX1-]: RenderCompositorSWGL failed mapping default framebuffer, no dt
console.log: WebExtensions: reset-default-search: starting.
console.log: WebExtensions: reset-default-search: has already ran once and saw panel, exit.
1633116019777	Marionette	INFO	Listening on port 43117
console.log: WebExtensions: reset-default-search: starting.
console.log: WebExtensions: reset-default-search: has already ran once and saw panel, exit.
1633116019872	RemoteAgent	WARN	TLS certificate errors will be ignored for this session
JavaScript warning: https://www.google.com/js/bg/NNk1vzza2fvPfI2QNF-UnTMKXalxTSrKsyU60SrCuuY.js line 1 > eval line 3735 > eval, line 1: WEBGL_debug_renderer_info is deprecated in Firefox and will be removed. Please use RENDERER.
JavaScript warning: https://www.google.com/js/bg/NNk1vzza2fvPfI2QNF-UnTMKXalxTSrKsyU60SrCuuY.js line 1 > eval line 4083 > eval line 1 > eval, line 1: WEBGL_debug_renderer_info is deprecated in Firefox and will be removed. Please use RENDERER.
Exiting due to channel error.
Exiting due to channel error.
Exiting due to channel error.
1633116039869	geckodriver	INFO	Listening on 127.0.0.1:50899
1633116040840	mozrunner::runner	INFO	Running command: "/usr/bin/firefox" "--marionette" "-headless" "-no-remote" "-profile" "/tmp/rust_mozprofilejIVk2e"
*** You are running in headless mode.
1633116041378	Marionette	INFO	Marionette enabled
[GFX1-]: RenderCompositorSWGL failed mapping default framebuffer, no dt
console.log: WebExtensions: reset-default-search: starting.
console.log: WebExtensions: reset-default-search: has already ran once and saw panel, exit.
1633116042387	Marionette	INFO	Listening on port 36845
console.log: WebExtensions: reset-default-search: starting.
console.log: WebExtensions: reset-default-search: has already ran once and saw panel, exit.
1633116042458	RemoteAgent	WARN	TLS certificate errors will be ignored for this session
JavaScript warning: https://www.google.com/js/bg/NNk1vzza2fvPfI2QNF-UnTMKXalxTSrKsyU60SrCuuY.js line 1 > eval line 3701 > eval line 1 > eval, line 1: WEBGL_debug_renderer_info is deprecated in Firefox and will be removed. Please use RENDERER.
JavaScript error: resource://gre/modules/PromiseWorker.jsm, line 106: Error: Could not get children of file(/tmp/rust_mozprofilejIVk2e/thumbnails) because it does not exist
Exiting due to channel error.
Exiting due to channel error.
Exiting due to channel error.
1633116082949	geckodriver	INFO	Listening on 127.0.0.1:57559
1633116083916	mozrunner::runner	INFO	Running command: "/usr/bin/firefox" "--marionette" "-headless" "-no-remote" "-profile" "/tmp/rust_mozprofileRj6Z8c"
*** You are running in headless mode.
1633116084408	Marionette	INFO	Marionette enabled
[GFX1-]: RenderCompositorSWGL failed mapping default framebuffer, no dt
console.log: WebExtensions: reset-default-search: starting.
console.log: WebExtensions: reset-default-search: has already ran once and saw panel, exit.
1633116085565	Marionette	INFO	Listening on port 33387
console.log: WebExtensions: reset-default-search: starting.
console.log: WebExtensions: reset-default-search: has already ran once and saw panel, exit.
1633116085669	RemoteAgent	WARN	TLS certificate errors will be ignored for this session
JavaScript warning: https://www.google.com/js/bg/NNk1vzza2fvPfI2QNF-UnTMKXalxTSrKsyU60SrCuuY.js line 1 > eval line 182 > eval, line 1: WEBGL_debug_renderer_info is deprecated in Firefox and will be removed. Please use RENDERER.
Exiting due to channel error.
Exiting due to channel error.
Exiting due to channel error.
1633116102464	geckodriver	INFO	Listening on 127.0.0.1:41539
1633116103444	mozrunner::runner	INFO	Running command: "/usr/bin/firefox" "--marionette" "-headless" "-no-remote" "-profile" "/tmp/rust_mozprofilePmthfx"
*** You are running in headless mode.
1633116104264	Marionette	INFO	Marionette enabled
[GFX1-]: RenderCompositorSWGL failed mapping default framebuffer, no dt
console.log: WebExtensions: reset-default-search: starting.
console.log: WebExtensions: reset-default-search: has already ran once and saw panel, exit.
1633116105248	Marionette	INFO	Listening on port 45185
console.log: WebExtensions: reset-default-search: starting.
console.log: WebExtensions: reset-default-search: has already ran once and saw panel, exit.
1633116105360	RemoteAgent	WARN	TLS certificate errors will be ignored for this session
JavaScript warning: https://www.google.com/js/bg/NNk1vzza2fvPfI2QNF-UnTMKXalxTSrKsyU60SrCuuY.js line 1 > eval line 3566 > eval, line 1: WEBGL_debug_renderer_info is deprecated in Firefox and will be removed. Please use RENDERER.
JavaScript error: resource://gre/modules/PromiseWorker.jsm, line 106: Error: Could not get children of file(/tmp/rust_mozprofilePmthfx/thumbnails) because it does not exist
Exiting due to channel error.
Exiting due to channel error.
Exiting due to channel error.
1633116147750	geckodriver	INFO	Listening on 127.0.0.1:56739
1633116149633	mozrunner::runner	INFO	Running command: "/usr/bin/firefox" "--marionette" "-headless" "-no-remote" "-profile" "/tmp/rust_mozprofileITnmUz"
*** You are running in headless mode.
1633116149921	Marionette	INFO	Marionette enabled
[GFX1-]: RenderCompositorSWGL failed mapping default framebuffer, no dt
console.log: WebExtensions: reset-default-search: starting.
console.log: WebExtensions: reset-default-search: has already ran once and saw panel, exit.
1633116150909	Marionette	INFO	Listening on port 38413
1633116150962	RemoteAgent	WARN	TLS certificate errors will be ignored for this session
console.log: WebExtensions: reset-default-search: starting.
console.log: WebExtensions: reset-default-search: has already ran once and saw panel, exit.
JavaScript warning: https://www.google.com/js/bg/NNk1vzza2fvPfI2QNF-UnTMKXalxTSrKsyU60SrCuuY.js line 1 > eval line 5462 > eval, line 1: WEBGL_debug_renderer_info is deprecated in Firefox and will be removed. Please use RENDERER.
JavaScript error: resource://gre/modules/PromiseWorker.jsm, line 106: Error: Could not get children of file(/tmp/rust_mozprofileITnmUz/thumbnails) because it does not exist
Exiting due to channel error.
Exiting due to channel error.
Exiting due to channel error.
1633116207920	geckodriver	INFO	Listening on 127.0.0.1:36403
1633116209986	mozrunner::runner	INFO	Running command: "/usr/bin/firefox" "--marionette" "-headless" "-no-remote" "-profile" "/tmp/rust_mozprofilenh2uOl"
*** You are running in headless mode.
1633116210299	Marionette	INFO	Marionette enabled
[GFX1-]: RenderCompositorSWGL failed mapping default framebuffer, no dt
console.log: WebExtensions: reset-default-search: starting.
console.log: WebExtensions: reset-default-search: has already ran once and saw panel, exit.
1633116211249	Marionette	INFO	Listening on port 36607
1633116211316	RemoteAgent	WARN	TLS certificate errors will be ignored for this session
console.log: WebExtensions: reset-default-search: starting.
console.log: WebExtensions: reset-default-search: has already ran once and saw panel, exit.
JavaScript warning: https://www.google.com/js/bg/NNk1vzza2fvPfI2QNF-UnTMKXalxTSrKsyU60SrCuuY.js line 1 > eval line 5397 > eval, line 1: WEBGL_debug_renderer_info is deprecated in Firefox and will be removed. Please use RENDERER.
JavaScript error: resource://gre/modules/PromiseWorker.jsm, line 106: Error: Could not get children of file(/tmp/rust_mozprofilenh2uOl/thumbnails) because it does not exist
Exiting due to channel error.
Exiting due to channel error.
Exiting due to channel error.
1633116250213	geckodriver	INFO	Listening on 127.0.0.1:53371
1633116252094	mozrunner::runner	INFO	Running command: "/usr/bin/firefox" "--marionette" "-headless" "-no-remote" "-profile" "/tmp/rust_mozprofilef0jQLT"
*** You are running in headless mode.
1633116254592	Marionette	INFO	Marionette enabled
[GFX1-]: RenderCompositorSWGL failed mapping default framebuffer, no dt
console.log: WebExtensions: reset-default-search: starting.
console.log: WebExtensions: reset-default-search: has already ran once and saw panel, exit.
1633116255647	Marionette	INFO	Listening on port 40011
console.log: WebExtensions: reset-default-search: starting.
console.log: WebExtensions: reset-default-search: has already ran once and saw panel, exit.
1633116255722	RemoteAgent	WARN	TLS certificate errors will be ignored for this session
JavaScript warning: https://www.google.com/js/bg/NNk1vzza2fvPfI2QNF-UnTMKXalxTSrKsyU60SrCuuY.js line 1 > eval line 4811 > eval line 1 > eval, line 1: WEBGL_debug_renderer_info is deprecated in Firefox and will be removed. Please use RENDERER.
JavaScript error: resource://gre/modules/PromiseWorker.jsm, line 106: Error: Could not get children of file(/tmp/rust_mozprofilef0jQLT/thumbnails) because it does not exist
JavaScript warning: https://www.google.com/js/bg/NNk1vzza2fvPfI2QNF-UnTMKXalxTSrKsyU60SrCuuY.js line 1 > eval line 5129 > eval line 1 > eval, line 1: WEBGL_debug_renderer_info is deprecated in Firefox and will be removed. Please use RENDERER.
1633458725730	geckodriver	INFO	Listening on 127.0.0.1:46709
1633458727634	mozrunner::runner	INFO	Running command: "/usr/bin/firefox" "--marionette" "-headless" "-no-remote" "-profile" "/tmp/rust_mozprofiletwqa0B"
*** You are running in headless mode.
1633458728015	Marionette	INFO	Marionette enabled
[GFX1-]: RenderCompositorSWGL failed mapping default framebuffer, no dt
console.log: WebExtensions: reset-default-search: starting.
console.log: WebExtensions: reset-default-search: has already ran once and saw panel, exit.
1633458729218	Marionette	INFO	Listening on port 40169
1633458729263	RemoteAgent	WARN	TLS certificate errors will be ignored for this session
console.log: WebExtensions: reset-default-search: starting.
console.log: WebExtensions: reset-default-search: has already ran once and saw panel, exit.
JavaScript error: resource://gre/modules/PromiseWorker.jsm, line 106: Error: Could not get children of file(/tmp/rust_mozprofiletwqa0B/thumbnails) because it does not exist
JavaScript warning: https://www.google.com/js/bg/-1aq-589pTXQhIX0O0sr0by93NOseZw7_D6wdr9M3ZU.js line 1 > eval line 3949 > eval line 1 > eval, line 1: WEBGL_debug_renderer_info is deprecated in Firefox and will be removed. Please use RENDERER.
JavaScript warning: https://www.google.com/js/bg/-1aq-589pTXQhIX0O0sr0by93NOseZw7_D6wdr9M3ZU.js line 1 > eval line 5880 > eval line 1 > eval, line 1: WEBGL_debug_renderer_info is deprecated in Firefox and will be removed. Please use RENDERER.
Exiting due to channel error.
Exiting due to channel error.
Exiting due to channel error.
1633459028802	geckodriver	INFO	Listening on 127.0.0.1:34281
1633459029794	mozrunner::runner	INFO	Running command: "/usr/bin/firefox" "--marionette" "-headless" "-no-remote" "-profile" "/tmp/rust_mozprofilemxzKs5"
*** You are running in headless mode.
1633459031320	Marionette	INFO	Marionette enabled
[GFX1-]: RenderCompositorSWGL failed mapping default framebuffer, no dt
console.log: WebExtensions: reset-default-search: starting.
console.log: WebExtensions: reset-default-search: has already ran once and saw panel, exit.
1633459032408	Marionette	INFO	Listening on port 43569
console.log: WebExtensions: reset-default-search: starting.
console.log: WebExtensions: reset-default-search: has already ran once and saw panel, exit.
1633459032514	RemoteAgent	WARN	TLS certificate errors will be ignored for this session
JavaScript warning: https://www.google.com/js/bg/-1aq-589pTXQhIX0O0sr0by93NOseZw7_D6wdr9M3ZU.js line 1 > eval line 5458 > eval, line 1: WEBGL_debug_renderer_info is deprecated in Firefox and will be removed. Please use RENDERER.
JavaScript error: resource://gre/modules/PromiseWorker.jsm, line 106: Error: Could not get children of file(/tmp/rust_mozprofilemxzKs5/thumbnails) because it does not exist
console.log: WebExtensions: reset-default-search: starting.
console.log: WebExtensions: reset-default-search: has already ran once and saw panel, exit.
1633722651393	geckodriver	INFO	Listening on 127.0.0.1:60377
1633722653205	mozrunner::runner	INFO	Running command: "/usr/bin/firefox" "--marionette" "-headless" "-no-remote" "-profile" "/tmp/rust_mozprofilewVdl1d"
*** You are running in headless mode.
1633722655355	Marionette	INFO	Marionette enabled
[GFX1-]: RenderCompositorSWGL failed mapping default framebuffer, no dt
console.log: WebExtensions: reset-default-search: starting.
console.log: WebExtensions: reset-default-search: has already ran once and saw panel, exit.
1633722656572	Marionette	INFO	Listening on port 45627
1633722656640	RemoteAgent	WARN	TLS certificate errors will be ignored for this session
console.log: WebExtensions: reset-default-search: starting.
console.log: WebExtensions: reset-default-search: has already ran once and saw panel, exit.
JavaScript error: resource://gre/modules/PromiseWorker.jsm, line 106: Error: Could not get children of file(/tmp/rust_mozprofilewVdl1d/thumbnails) because it does not exist
console.log: WebExtensions: reset-default-search: starting.
console.log: WebExtensions: reset-default-search: has already ran once and saw panel, exit.
Exiting due to channel error.
Exiting due to channel error.
Exiting due to channel error.
1633724118144	geckodriver	INFO	Listening on 127.0.0.1:42173
1633724119964	mozrunner::runner	INFO	Running command: "/usr/bin/firefox" "--marionette" "-headless" "-no-remote" "-profile" "/tmp/rust_mozprofilex4vowb"
*** You are running in headless mode.
1633724121878	Marionette	INFO	Marionette enabled
[GFX1-]: RenderCompositorSWGL failed mapping default framebuffer, no dt
console.log: WebExtensions: reset-default-search: starting.
console.log: WebExtensions: reset-default-search: has already ran once and saw panel, exit.
1633724122702	Marionette	INFO	Listening on port 45477
console.log: WebExtensions: reset-default-search: starting.
console.log: WebExtensions: reset-default-search: has already ran once and saw panel, exit.
1633724122785	RemoteAgent	WARN	TLS certificate errors will be ignored for this session
JavaScript error: resource://gre/modules/PromiseWorker.jsm, line 106: Error: Could not get children of file(/tmp/rust_mozprofilex4vowb/thumbnails) because it does not exist
console.log: WebExtensions: reset-default-search: starting.
console.log: WebExtensions: reset-default-search: has already ran once and saw panel, exit.
JavaScript error: resource://gre/modules/PromiseWorker.jsm, line 106: Error: Could not get children of file(/tmp/rust_mozprofilex4vowb/thumbnails) because it does not exist
1633789250209	geckodriver	INFO	Listening on 127.0.0.1:39573
1633789252094	mozrunner::runner	INFO	Running command: "/usr/bin/firefox" "--marionette" "-headless" "-no-remote" "-profile" "/tmp/rust_mozprofile6hDyW1"
*** You are running in headless mode.
1633789254325	Marionette	INFO	Marionette enabled
[GFX1-]: RenderCompositorSWGL failed mapping default framebuffer, no dt
1633789255390	Marionette	INFO	Listening on port 39837
1633789255418	RemoteAgent	WARN	TLS certificate errors will be ignored for this session
JavaScript error: resource://gre/modules/PromiseWorker.jsm, line 106: Error: Could not get children of file(/tmp/rust_mozprofile6hDyW1/thumbnails) because it does not exist
console.log: WebExtensions: reset-default-search: starting.
console.log: WebExtensions: reset-default-search: has already ran once and saw panel, exit.
JavaScript error: resource://gre/modules/PromiseWorker.jsm, line 106: Error: Could not get children of file(/tmp/rust_mozprofile6hDyW1/thumbnails) because it does not exist
